2018-01-22 01:10:06 +0000  Initial pipeline context: <IDEDistributionProcessingPipelineContext: 0x7fe1ee4999d0; archive(resolved)='<IDEArchive: 0x7fe202180350>', distributionTask(resolved)='2', distributionMethod(resolved)='<IDEDistributionMethodiOSAppStoreExport: 0x7fe1edcd2da0>', team(resolved)='<IDEProvisioningBasicTeam 0x7fe1eb068f60: teamID: PM354JS385, teamName: ShenZhen BuTa Network Technology Co., Ltd.>'>
	Chain (11, self inclusive):
	<IDEDistributionProcessingPipelineContext: 0x7fe1ee4999d0; archive = '<IDEArchive: 0x7fe202180350>', distributionMethod='<IDEDistributionMethodiOSAppStoreExport: 0x7fe1edcd2da0>', team='<IDEProvisioningBasicTeam 0x7fe1eb068f60: teamID: PM354JS385, teamName: ShenZhen BuTa Network Technology Co., Ltd.>'>
	<IDEDistributionProcessingPipelineContext: 0x7fe20a974eb0; archive = '<IDEArchive: 0x7fe202180350>', distributionMethod='<IDEDistributionMethodiOSAppStoreExport: 0x7fe1edcd2da0>', team='<IDEProvisioningBasicTeam 0x7fe1eb068f60: teamID: PM354JS385, teamName: ShenZhen BuTa Network Technology Co., Ltd.>'>
	<IDEDistributionContext: 0x7fe1ee594450; archive = '<IDEArchive: 0x7fe202180350>', distributionMethod='<IDEDistributionMethodiOSAppStoreExport: 0x7fe1edcd2da0>', team='<IDEProvisioningBasicTeam 0x7fe1eb068f60: teamID: PM354JS385, teamName: ShenZhen BuTa Network Technology Co., Ltd.>'>
	<IDEDistributionContext: 0x7fe1eba39180; archive = '<IDEArchive: 0x7fe202180350>', distributionMethod='<IDEDistributionMethodiOSAppStoreExport: 0x7fe1edcd2da0>', team='<IDEProvisioningBasicTeam 0x7fe1eb068f60: teamID: PM354JS385, teamName: ShenZhen BuTa Network Technology Co., Ltd.>'>
	<IDEDistributionContext: 0x7fe1f0b369a0; archive = '<IDEArchive: 0x7fe202180350>', distributionMethod='<IDEDistributionMethodiOSAppStoreExport: 0x7fe1edcd2da0>', team='<IDEProvisioningBasicTeam 0x7fe1eb068f60: teamID: PM354JS385, teamName: ShenZhen BuTa Network Technology Co., Ltd.>'>
	<IDEDistributionContext: 0x7fe1eb4acae0; archive = '<IDEArchive: 0x7fe202180350>', distributionMethod='<IDEDistributionMethodiOSAppStoreExport: 0x7fe1edcd2da0>', team='<IDEProvisioningBasicTeam 0x7fe1eb068f60: teamID: PM354JS385, teamName: ShenZhen BuTa Network Technology Co., Ltd.>'>
	<IDEDistributionContext: 0x7fe1f0b00750; archive = '<IDEArchive: 0x7fe202180350>', distributionMethod='<IDEDistributionMethodiOSAppStoreExport: 0x7fe1edcd2da0>', team='<IDEProvisioningBasicTeam 0x7fe1eb068f60: teamID: PM354JS385, teamName: ShenZhen BuTa Network Technology Co., Ltd.>'>
	<IDEDistributionContext: 0x7fe1f08013e0; archive = '<IDEArchive: 0x7fe202180350>', distributionMethod='<IDEDistributionMethodiOSAppStoreExport: 0x7fe1edcd2da0>', team='<IDEProvisioningBasicTeam 0x7fe1eb068f60: teamID: PM354JS385, teamName: ShenZhen BuTa Network Technology Co., Ltd.>'>
	<IDEDistributionContext: 0x7fe1ead2b930; archive = '<IDEArchive: 0x7fe202180350>', distributionMethod='<IDEDistributionMethodiOSAppStoreExport: 0x7fe1edcd2da0>', team='<IDEProvisioningBasicTeam 0x7fe1eb068f60: teamID: PM354JS385, teamName: ShenZhen BuTa Network Technology Co., Ltd.>'>
	<IDEDistributionContext: 0x7fe1ee4dd970; archive = '<IDEArchive: 0x7fe202180350>', distributionMethod='<IDEDistributionMethodiOSAppStoreExport: 0x7fe1edcd2da0>', team='(null)'>
	<IDEDistributionContext: 0x7fe1ebadf2f0; archive = '<IDEArchive: 0x7fe202180350>', distributionMethod='(null)', team='(null)'>
</IDEDistributionProcessingPipelineContext: 0x7fe1ee4999d0>
2018-01-22 01:10:06 +0000  Processing step: IDEDistributionCreateDestRootStep
2018-01-22 01:10:06 +0000  Processing step: IDEDistributionCopyItemStep
2018-01-22 01:10:06 +0000  Running /usr/bin/ditto '-V' '/Users/dingding/Library/Developer/Xcode/Archives/2018-01-22/hsimapp 2018-1-22 上午9.09.xcarchive/Products/Applications/hsimapp.app' '/var/folders/p6/lb5nyc194qqby9kgvbtxgpc80000gn/T/XcodeDistPipeline.A5K/Root/Payload/hsimapp.app'
2018-01-22 01:10:06 +0000  >>> Copying /Users/dingding/Library/Developer/Xcode/Archives/2018-01-22/hsimapp 2018-1-22 上午9.09.xcarchive/Products/Applications/hsimapp.app 
2018-01-22 01:10:06 +0000  copying file ./_CodeSignature/CodeResources ... 
2018-01-22 01:10:06 +0000  56887 bytes for ./_CodeSignature/CodeResources
2018-01-22 01:10:06 +0000  copying file ./blackArrow.png ... 
2018-01-22 01:10:06 +0000  3799 bytes for ./blackArrow.png
2018-01-22 01:10:06 +0000  copying file ./AlipaySDK.bundle/shutdown@2x.png ... 
2018-01-22 01:10:06 +0000  222 bytes for ./AlipaySDK.bundle/shutdown@2x.png
copying file ./AlipaySDK.bundle/refresh@2x.png ... 
2018-01-22 01:10:06 +0000  605 bytes for ./AlipaySDK.bundle/refresh@2x.png
copying file ./AlipaySDK.bundle/refresh_click@2x.png ... 
2018-01-22 01:10:06 +0000  1824 bytes for ./AlipaySDK.bundle/refresh_click@2x.png
2018-01-22 01:10:06 +0000  copying file ./AlipaySDK.bundle/shutdown_click@2x.png ... 
2018-01-22 01:10:06 +0000  1319 bytes for ./AlipaySDK.bundle/shutdown_click@2x.png
2018-01-22 01:10:06 +0000  copying file ./AlipaySDK.bundle/bar@2x.png ... 
2018-01-22 01:10:06 +0000  1011 bytes for ./AlipaySDK.bundle/bar@2x.png
2018-01-22 01:10:06 +0000  copying file ./blueArrow@2x.png ... 
2018-01-22 01:10:06 +0000  894 bytes for ./blueArrow@2x.png
2018-01-22 01:10:06 +0000  copying file ./icon-info@2x.png ... 
2018-01-22 01:10:06 +0000  2011 bytes for ./icon-info@2x.png
copying file ./LICENSE ... 
2018-01-22 01:10:06 +0000  1063 bytes for ./LICENSE
copying file ./grayArrow.png ... 
2018-01-22 01:10:06 +0000  1077 bytes for ./grayArrow.png
2018-01-22 01:10:06 +0000  copying file ./whiteArrow@2x.png ... 
2018-01-22 01:10:06 +0000  869 bytes for ./whiteArrow@2x.png
copying file ./AppIcon60x60@2x.png ... 
2018-01-22 01:10:06 +0000  8886 bytes for ./AppIcon60x60@2x.png
2018-01-22 01:10:06 +0000  copying file ./IQKeyboardManager.bundle/IQButtonBarArrowRight@2x.png ... 
2018-01-22 01:10:06 +0000  1786 bytes for ./IQKeyboardManager.bundle/IQButtonBarArrowRight@2x.png
copying file ./IQKeyboardManager.bundle/IQButtonBarArrowUp@3x.png ... 
2018-01-22 01:10:06 +0000  2164 bytes for ./IQKeyboardManager.bundle/IQButtonBarArrowUp@3x.png
copying file ./IQKeyboardManager.bundle/IQButtonBarArrowUp@2x.png ... 
2018-01-22 01:10:06 +0000  1769 bytes for ./IQKeyboardManager.bundle/IQButtonBarArrowUp@2x.png
copying file ./IQKeyboardManager.bundle/IQButtonBarArrowRight@3x.png ... 
2018-01-22 01:10:06 +0000  1844 bytes for ./IQKeyboardManager.bundle/IQButtonBarArrowRight@3x.png
copying file ./IQKeyboardManager.bundle/IQButtonBarArrowLeft@3x.png ... 
2018-01-22 01:10:06 +0000  1815 bytes for ./IQKeyboardManager.bundle/IQButtonBarArrowLeft@3x.png
copying file ./IQKeyboardManager.bundle/IQButtonBarArrowDown@3x.png ... 
2018-01-22 01:10:06 +0000  2177 bytes for ./IQKeyboardManager.bundle/IQButtonBarArrowDown@3x.png
copying file ./IQKeyboardManager.bundle/IQButtonBarArrowDown@2x.png ... 
2018-01-22 01:10:06 +0000  1764 bytes for ./IQKeyboardManager.bundle/IQButtonBarArrowDown@2x.png
copying file ./IQKeyboardManager.bundle/IQButtonBarArrowLeft@2x.png ... 
2018-01-22 01:10:06 +0000  1793 bytes for ./IQKeyboardManager.bundle/IQButtonBarArrowLeft@2x.png
2018-01-22 01:10:06 +0000  copying file ./mh_defaultAvatar@2x.png ... 
2018-01-22 01:10:06 +0000  1837 bytes for ./mh_defaultAvatar@2x.png
2018-01-22 01:10:06 +0000  copying file ./AppIcon29x29@2x.png ... 
2018-01-22 01:10:06 +0000  5604 bytes for ./AppIcon29x29@2x.png
copying file ./icon-error.png ... 
2018-01-22 01:10:06 +0000  1032 bytes for ./icon-error.png
2018-01-22 01:10:06 +0000  copying file ./LaunchImage-800-667h@2x.png ... 
2018-01-22 01:10:06 +0000  179255 bytes for ./LaunchImage-800-667h@2x.png
2018-01-22 01:10:06 +0000  copying file ./AppIcon40x40@3x.png ... 
2018-01-22 01:10:06 +0000  8886 bytes for ./AppIcon40x40@3x.png
copying file ./CellChatMessage.nib ... 
2018-01-22 01:10:06 +0000  4540 bytes for ./CellChatMessage.nib
2018-01-22 01:10:06 +0000  copying file ./icon-info.png ... 
2018-01-22 01:10:06 +0000  975 bytes for ./icon-info.png
copying file ./icon-allTalk.png ... 
2018-01-22 01:10:06 +0000  4419 bytes for ./icon-allTalk.png
copying file ./AppIcon29x29~ipad.png ... 
2018-01-22 01:10:06 +0000  4184 bytes for ./AppIcon29x29~ipad.png
copying file ./NCLoginPassWordModifyViewController.nib ... 
2018-01-22 01:10:06 +0000  5282 bytes for ./NCLoginPassWordModifyViewController.nib
2018-01-22 01:10:06 +0000  copying file ./AddentTableViewCell~iphone.nib/runtime.nib ... 
2018-01-22 01:10:06 +0000  3757 bytes for ./AddentTableViewCell~iphone.nib/runtime.nib
2018-01-22 01:10:06 +0000  copying file ./AddentTableViewCell~iphone.nib/objects-8.0+.nib ... 
2018-01-22 01:10:06 +0000  3760 bytes for ./AddentTableViewCell~iphone.nib/objects-8.0+.nib
2018-01-22 01:10:06 +0000  copying file ./AppIcon40x40@2x.png ... 
2018-01-22 01:10:06 +0000  7046 bytes for ./AppIcon40x40@2x.png
2018-01-22 01:10:06 +0000  copying file ./intro_1.png ... 
2018-01-22 01:10:06 +0000  34362 bytes for ./intro_1.png
2018-01-22 01:10:06 +0000  copying file ./AppIcon29x29@3x.png ... 
2018-01-22 01:10:06 +0000  7287 bytes for ./AppIcon29x29@3x.png
copying file ./intro_3.png ... 
2018-01-22 01:10:06 +0000  194511 bytes for ./intro_3.png
copying file ./MSG.WAV ... 
2018-01-22 01:10:06 +0000  7258 bytes for ./MSG.WAV
2018-01-22 01:10:06 +0000  copying file ./AppIcon60x60@3x.png ... 
2018-01-22 01:10:06 +0000  11632 bytes for ./AppIcon60x60@3x.png
2018-01-22 01:10:06 +0000  copying file ./Base.lproj/Main.storyboardc/ViewControllerGroup.nib ... 
2018-01-22 01:10:06 +0000  1104 bytes for ./Base.lproj/Main.storyboardc/ViewControllerGroup.nib
2018-01-22 01:10:06 +0000  copying file ./Base.lproj/Main.storyboardc/CJz-eI-doe-view-DsV-Vm-peA.nib ... 
2018-01-22 01:10:06 +0000  8753 bytes for ./Base.lproj/Main.storyboardc/CJz-eI-doe-view-DsV-Vm-peA.nib
copying file ./Base.lproj/Main.storyboardc/Rnp-Qj-Lah-view-m1G-X9-x90.nib ... 
2018-01-22 01:10:06 +0000  6741 bytes for ./Base.lproj/Main.storyboardc/Rnp-Qj-Lah-view-m1G-X9-x90.nib
copying file ./Base.lproj/Main.storyboardc/eI4-9I-KKl-view-ema-Jo-ye0.nib ... 
2018-01-22 01:10:06 +0000  12017 bytes for ./Base.lproj/Main.storyboardc/eI4-9I-KKl-view-ema-Jo-ye0.nib
2018-01-22 01:10:06 +0000  copying file ./Base.lproj/Main.storyboardc/UITabBarController-49e-Tb-3d3.nib ... 
2018-01-22 01:10:06 +0000  7083 bytes for ./Base.lproj/Main.storyboardc/UITabBarController-49e-Tb-3d3.nib
copying file ./Base.lproj/Main.storyboardc/TdE-hY-RaZ-view-2Gh-Zo-x0f.nib ... 
2018-01-22 01:10:06 +0000  12768 bytes for ./Base.lproj/Main.storyboardc/TdE-hY-RaZ-view-2Gh-Zo-x0f.nib
copying file ./Base.lproj/Main.storyboardc/UIViewController-Iu5-QT-Swq.nib ... 
2018-01-22 01:10:06 +0000  1200 bytes for ./Base.lproj/Main.storyboardc/UIViewController-Iu5-QT-Swq.nib
2018-01-22 01:10:06 +0000  copying file ./Base.lproj/Main.storyboardc/YdD-Gl-8HU-view-hDP-eA-sV2.nib ... 
2018-01-22 01:10:06 +0000  9852 bytes for ./Base.lproj/Main.storyboardc/YdD-Gl-8HU-view-hDP-eA-sV2.nib
copying file ./Base.lproj/Main.storyboardc/UIViewController-UWT-BR-CYP.nib ... 
2018-01-22 01:10:06 +0000  1171 bytes for ./Base.lproj/Main.storyboardc/UIViewController-UWT-BR-CYP.nib
copying file ./Base.lproj/Main.storyboardc/UIViewController-TdE-hY-RaZ.nib ... 
2018-01-22 01:10:06 +0000  1169 bytes for ./Base.lproj/Main.storyboardc/UIViewController-TdE-hY-RaZ.nib
2018-01-22 01:10:06 +0000  copying file ./Base.lproj/Main.storyboardc/uTa-up-peb-view-MWH-5q-A5y.nib ... 
2018-01-22 01:10:06 +0000  2740 bytes for ./Base.lproj/Main.storyboardc/uTa-up-peb-view-MWH-5q-A5y.nib
2018-01-22 01:10:06 +0000  copying file ./Base.lproj/Main.storyboardc/MnH-67-Oia-view-yla-KM-TaN.nib ... 
2018-01-22 01:10:06 +0000  11801 bytes for ./Base.lproj/Main.storyboardc/MnH-67-Oia-view-yla-KM-TaN.nib
2018-01-22 01:10:06 +0000  copying file ./Base.lproj/Main.storyboardc/SamplePagedViewController.nib ... 
2018-01-22 01:10:06 +0000  1361 bytes for ./Base.lproj/Main.storyboardc/SamplePagedViewController.nib
2018-01-22 01:10:06 +0000  copying file ./Base.lproj/Main.storyboardc/LaA-LV-CgR-view-YC8-Il-cLS.nib ... 
2018-01-22 01:10:06 +0000  8765 bytes for ./Base.lproj/Main.storyboardc/LaA-LV-CgR-view-YC8-Il-cLS.nib
copying file ./Base.lproj/Main.storyboardc/UIViewController-b81-k7-ntD.nib ... 
2018-01-22 01:10:06 +0000  2820 bytes for ./Base.lproj/Main.storyboardc/UIViewController-b81-k7-ntD.nib
2018-01-22 01:10:06 +0000  copying file ./Base.lproj/Main.storyboardc/GOl-g7-sV1-view-w0U-dI-cCK.nib ... 
2018-01-22 01:10:06 +0000  11075 bytes for ./Base.lproj/Main.storyboardc/GOl-g7-sV1-view-w0U-dI-cCK.nib
copying file ./Base.lproj/Main.storyboardc/ViewControllerFList.nib ... 
2018-01-22 01:10:06 +0000  1110 bytes for ./Base.lproj/Main.storyboardc/ViewControllerFList.nib
copying file ./Base.lproj/Main.storyboardc/ViewControllerHomework.nib ... 
2018-01-22 01:10:06 +0000  2726 bytes for ./Base.lproj/Main.storyboardc/ViewControllerHomework.nib
2018-01-22 01:10:06 +0000  copying file ./Base.lproj/Main.storyboardc/AUY-NQ-7Fb-view-dxl-VR-3Xx.nib ... 
2018-01-22 01:10:06 +0000  6749 bytes for ./Base.lproj/Main.storyboardc/AUY-NQ-7Fb-view-dxl-VR-3Xx.nib
copying file ./Base.lproj/Main.storyboardc/Tra-Bg-biA-view-zam-5b-njK.nib ... 
2018-01-22 01:10:06 +0000  2295 bytes for ./Base.lproj/Main.storyboardc/Tra-Bg-biA-view-zam-5b-njK.nib
copying file ./Base.lproj/Main.storyboardc/ViewControllerLogin.nib ... 
2018-01-22 01:10:06 +0000  1858 bytes for ./Base.lproj/Main.storyboardc/ViewControllerLogin.nib
2018-01-22 01:10:06 +0000  copying file ./Base.lproj/Main.storyboardc/UIViewController-VN3-Pk-nth.nib ... 
2018-01-22 01:10:06 +0000  1573 bytes for ./Base.lproj/Main.storyboardc/UIViewController-VN3-Pk-nth.nib
copying file ./Base.lproj/Main.storyboardc/UIViewController-hUw-bg-HRr.nib ... 
2018-01-22 01:10:06 +0000  1201 bytes for ./Base.lproj/Main.storyboardc/UIViewController-hUw-bg-HRr.nib
copying file ./Base.lproj/Main.storyboardc/UIViewController-Rnp-Qj-Lah.nib ... 
2018-01-22 01:10:06 +0000  1512 bytes for ./Base.lproj/Main.storyboardc/UIViewController-Rnp-Qj-Lah.nib
2018-01-22 01:10:06 +0000  copying file ./Base.lproj/Main.storyboardc/UWT-BR-CYP-view-Rlu-zE-laM.nib ... 
2018-01-22 01:10:06 +0000  5949 bytes for ./Base.lproj/Main.storyboardc/UWT-BR-CYP-view-Rlu-zE-laM.nib
copying file ./Base.lproj/Main.storyboardc/UITableViewController-Btc-Dk-iUc.nib ... 
2018-01-22 01:10:06 +0000  1097 bytes for ./Base.lproj/Main.storyboardc/UITableViewController-Btc-Dk-iUc.nib
2018-01-22 01:10:06 +0000  copying file ./Base.lproj/Main.storyboardc/V0q-ue-AH2-view-FeA-XB-G5D.nib ... 
2018-01-22 01:10:06 +0000  6961 bytes for ./Base.lproj/Main.storyboardc/V0q-ue-AH2-view-FeA-XB-G5D.nib
2018-01-22 01:10:06 +0000  copying file ./Base.lproj/Main.storyboardc/hNT-5K-YwL-view-N2B-H2-eNH.nib ... 
2018-01-22 01:10:06 +0000  9501 bytes for ./Base.lproj/Main.storyboardc/hNT-5K-YwL-view-N2B-H2-eNH.nib
copying file ./Base.lproj/Main.storyboardc/UIViewController-Prh-ob-75E.nib ... 
2018-01-22 01:10:06 +0000  1055 bytes for ./Base.lproj/Main.storyboardc/UIViewController-Prh-ob-75E.nib
copying file ./Base.lproj/Main.storyboardc/UIViewController-AUY-NQ-7Fb.nib ... 
2018-01-22 01:10:06 +0000  1170 bytes for ./Base.lproj/Main.storyboardc/UIViewController-AUY-NQ-7Fb.nib
2018-01-22 01:10:06 +0000  copying file ./Base.lproj/Main.storyboardc/UIViewController-7xh-8z-O39.nib ... 
2018-01-22 01:10:06 +0000  1482 bytes for ./Base.lproj/Main.storyboardc/UIViewController-7xh-8z-O39.nib
copying file ./Base.lproj/Main.storyboardc/ViewControllerIntro.nib ... 
2018-01-22 01:10:06 +0000  1345 bytes for ./Base.lproj/Main.storyboardc/ViewControllerIntro.nib
2018-01-22 01:10:06 +0000  copying file ./Base.lproj/Main.storyboardc/EMF-Gk-X78-view-Ec8-ka-x93.nib ... 
2018-01-22 01:10:06 +0000  8828 bytes for ./Base.lproj/Main.storyboardc/EMF-Gk-X78-view-Ec8-ka-x93.nib
copying file ./Base.lproj/Main.storyboardc/e8N-WF-EGS-view-5mr-37-8Ln.nib ... 
2018-01-22 01:10:06 +0000  8595 bytes for ./Base.lproj/Main.storyboardc/e8N-WF-EGS-view-5mr-37-8Ln.nib
copying file ./Base.lproj/Main.storyboardc/wf6-kN-f63-view-REm-s6-fPf.nib ... 
2018-01-22 01:10:06 +0000  6841 bytes for ./Base.lproj/Main.storyboardc/wf6-kN-f63-view-REm-s6-fPf.nib
copying file ./Base.lproj/Main.storyboardc/Jx2-ev-4h0-view-Hhx-EF-BeW.nib ... 
2018-01-22 01:10:06 +0000  7998 bytes for ./Base.lproj/Main.storyboardc/Jx2-ev-4h0-view-Hhx-EF-BeW.nib
copying file ./Base.lproj/Main.storyboardc/UIViewController-MnH-67-Oia.nib ... 
2018-01-22 01:10:06 +0000  1511 bytes for ./Base.lproj/Main.storyboardc/UIViewController-MnH-67-Oia.nib
2018-01-22 01:10:06 +0000  copying file ./Base.lproj/Main.storyboardc/a0e-nf-ogL-view-hzS-81-Qao.nib ... 
2018-01-22 01:10:06 +0000  9274 bytes for ./Base.lproj/Main.storyboardc/a0e-nf-ogL-view-hzS-81-Qao.nib
copying file ./Base.lproj/Main.storyboardc/UINavigationController-i4e-ml-Gvz.nib ... 
2018-01-22 01:10:06 +0000  2098 bytes for ./Base.lproj/Main.storyboardc/UINavigationController-i4e-ml-Gvz.nib
copying file ./Base.lproj/Main.storyboardc/ViewControllerNotify.nib ... 
2018-01-22 01:10:06 +0000  1105 bytes for ./Base.lproj/Main.storyboardc/ViewControllerNotify.nib
2018-01-22 01:10:06 +0000  copying file ./Base.lproj/Main.storyboardc/UIViewController-tUk-YW-XvM.nib ... 
2018-01-22 01:10:06 +0000  1047 bytes for ./Base.lproj/Main.storyboardc/UIViewController-tUk-YW-XvM.nib
copying file ./Base.lproj/Main.storyboardc/7xh-8z-O39-view-P7E-IE-kfj.nib ... 
2018-01-22 01:10:06 +0000  8669 bytes for ./Base.lproj/Main.storyboardc/7xh-8z-O39-view-P7E-IE-kfj.nib
copying file ./Base.lproj/Main.storyboardc/1RH-IW-QLl-view-w2q-u7-13D.nib ... 
2018-01-22 01:10:06 +0000  8670 bytes for ./Base.lproj/Main.storyboardc/1RH-IW-QLl-view-w2q-u7-13D.nib
2018-01-22 01:10:06 +0000  copying file ./Base.lproj/Main.storyboardc/fZc-pu-KSE-view-ZSn-3h-oxL.nib ... 
2018-01-22 01:10:06 +0000  7874 bytes for ./Base.lproj/Main.storyboardc/fZc-pu-KSE-view-ZSn-3h-oxL.nib
copying file ./Base.lproj/Main.storyboardc/ViewControllerMessage.nib ... 
2018-01-22 01:10:06 +0000  1421 bytes for ./Base.lproj/Main.storyboardc/ViewControllerMessage.nib
copying file ./Base.lproj/Main.storyboardc/yeB-VT-srm-view-N0c-bw-qTV.nib ... 
2018-01-22 01:10:06 +0000  2309 bytes for ./Base.lproj/Main.storyboardc/yeB-VT-srm-view-N0c-bw-qTV.nib
2018-01-22 01:10:06 +0000  copying file ./Base.lproj/Main.storyboardc/UIViewController-V0q-ue-AH2.nib ... 
2018-01-22 01:10:06 +0000  1213 bytes for ./Base.lproj/Main.storyboardc/UIViewController-V0q-ue-AH2.nib
copying file ./Base.lproj/Main.storyboardc/k5v-so-ZSj-view-Cs9-Gw-BIn.nib ... 
2018-01-22 01:10:06 +0000  10555 bytes for ./Base.lproj/Main.storyboardc/k5v-so-ZSj-view-Cs9-Gw-BIn.nib
copying file ./Base.lproj/Main.storyboardc/ViewControllerFriendDetail.nib ... 
2018-01-22 01:10:06 +0000  1569 bytes for ./Base.lproj/Main.storyboardc/ViewControllerFriendDetail.nib
copying file ./Base.lproj/Main.storyboardc/tha-8W-xSt-view-WOO-m3-bDK.nib ... 
2018-01-22 01:10:06 +0000  2338 bytes for ./Base.lproj/Main.storyboardc/tha-8W-xSt-view-WOO-m3-bDK.nib
2018-01-22 01:10:06 +0000  copying file ./Base.lproj/Main.storyboardc/b81-k7-ntD-view-0DX-hF-MIF.nib ... 
2018-01-22 01:10:06 +0000  8605 bytes for ./Base.lproj/Main.storyboardc/b81-k7-ntD-view-0DX-hF-MIF.nib
copying file ./Base.lproj/Main.storyboardc/UIViewController-EhL-ps-ZQd.nib ... 
2018-01-22 01:10:06 +0000  1195 bytes for ./Base.lproj/Main.storyboardc/UIViewController-EhL-ps-ZQd.nib
copying file ./Base.lproj/Main.storyboardc/ViewControllerViewLogo.nib ... 
2018-01-22 01:10:06 +0000  1139 bytes for ./Base.lproj/Main.storyboardc/ViewControllerViewLogo.nib
copying file ./Base.lproj/Main.storyboardc/UIViewController-fns-ZX-cOu.nib ... 
2018-01-22 01:10:06 +0000  1223 bytes for ./Base.lproj/Main.storyboardc/UIViewController-fns-ZX-cOu.nib
2018-01-22 01:10:06 +0000  copying file ./Base.lproj/Main.storyboardc/ViewControllerQA.nib ... 
2018-01-22 01:10:06 +0000  1278 bytes for ./Base.lproj/Main.storyboardc/ViewControllerQA.nib
2018-01-22 01:10:06 +0000  copying file ./Base.lproj/Main.storyboardc/ViewControllerSelfConfig.nib ... 
2018-01-22 01:10:06 +0000  1613 bytes for ./Base.lproj/Main.storyboardc/ViewControllerSelfConfig.nib
2018-01-22 01:10:06 +0000  copying file ./Base.lproj/Main.storyboardc/Iu5-QT-Swq-view-cjT-O3-gpg.nib ... 
2018-01-22 01:10:06 +0000  6868 bytes for ./Base.lproj/Main.storyboardc/Iu5-QT-Swq-view-cjT-O3-gpg.nib
copying file ./Base.lproj/Main.storyboardc/fns-ZX-cOu-view-0te-dj-IU6.nib ... 
2018-01-22 01:10:06 +0000  4057 bytes for ./Base.lproj/Main.storyboardc/fns-ZX-cOu-view-0te-dj-IU6.nib
copying file ./Base.lproj/Main.storyboardc/UIViewController-wf6-kN-f63.nib ... 
2018-01-22 01:10:06 +0000  1175 bytes for ./Base.lproj/Main.storyboardc/UIViewController-wf6-kN-f63.nib
2018-01-22 01:10:06 +0000  copying file ./Base.lproj/Main.storyboardc/8n0-YI-qna-view-22T-Fa-37Z.nib ... 
2018-01-22 01:10:06 +0000  6346 bytes for ./Base.lproj/Main.storyboardc/8n0-YI-qna-view-22T-Fa-37Z.nib
2018-01-22 01:10:06 +0000  copying file ./Base.lproj/Main.storyboardc/VN3-Pk-nth-view-18W-3z-WBU.nib ... 
2018-01-22 01:10:06 +0000  4543 bytes for ./Base.lproj/Main.storyboardc/VN3-Pk-nth-view-18W-3z-WBU.nib
2018-01-22 01:10:06 +0000  copying file ./Base.lproj/Main.storyboardc/fKe-rK-s8s-view-Mbe-co-otf.nib ... 
2018-01-22 01:10:06 +0000  7953 bytes for ./Base.lproj/Main.storyboardc/fKe-rK-s8s-view-Mbe-co-otf.nib
copying file ./Base.lproj/Main.storyboardc/EhL-ps-ZQd-view-W4v-H8-Ydn.nib ... 
2018-01-22 01:10:06 +0000  7413 bytes for ./Base.lproj/Main.storyboardc/EhL-ps-ZQd-view-W4v-H8-Ydn.nib
copying file ./Base.lproj/Main.storyboardc/yor-ER-WUc-view-f2y-t0-qJl.nib ... 
2018-01-22 01:10:06 +0000  11121 bytes for ./Base.lproj/Main.storyboardc/yor-ER-WUc-view-f2y-t0-qJl.nib
2018-01-22 01:10:06 +0000  copying file ./Base.lproj/Main.storyboardc/UIViewController-gdZ-N3-O4n.nib ... 
2018-01-22 01:10:06 +0000  1195 bytes for ./Base.lproj/Main.storyboardc/UIViewController-gdZ-N3-O4n.nib
copying file ./Base.lproj/Main.storyboardc/ViewControllerGroupDetail.nib ... 
2018-01-22 01:10:06 +0000  1200 bytes for ./Base.lproj/Main.storyboardc/ViewControllerGroupDetail.nib
copying file ./Base.lproj/Main.storyboardc/hUw-bg-HRr-view-1If-5H-rkp.nib ... 
2018-01-22 01:10:06 +0000  9538 bytes for ./Base.lproj/Main.storyboardc/hUw-bg-HRr-view-1If-5H-rkp.nib
copying file ./Base.lproj/Main.storyboardc/ViewControllerWeb.nib ... 
2018-01-22 01:10:06 +0000  1103 bytes for ./Base.lproj/Main.storyboardc/ViewControllerWeb.nib
copying file ./Base.lproj/Main.storyboardc/tUk-YW-XvM-view-sx0-hn-LfW.nib ... 
2018-01-22 01:10:06 +0000  4588 bytes for ./Base.lproj/Main.storyboardc/tUk-YW-XvM-view-sx0-hn-LfW.nib
copying file ./Base.lproj/Main.storyboardc/Znq-pP-YGx-view-Vna-he-YEk.nib ... 
2018-01-22 01:10:06 +0000  15356 bytes for ./Base.lproj/Main.storyboardc/Znq-pP-YGx-view-Vna-he-YEk.nib
2018-01-22 01:10:06 +0000  copying file ./Base.lproj/Main.storyboardc/UINavigationController-HCn-HP-0Nk.nib ... 
2018-01-22 01:10:06 +0000  2128 bytes for ./Base.lproj/Main.storyboardc/UINavigationController-HCn-HP-0Nk.nib
copying file ./Base.lproj/Main.storyboardc/9TQ-oI-VQS-view-nnL-Tt-VrF.nib ... 
2018-01-22 01:10:06 +0000  4552 bytes for ./Base.lproj/Main.storyboardc/9TQ-oI-VQS-view-nnL-Tt-VrF.nib
2018-01-22 01:10:06 +0000  copying file ./Base.lproj/Main.storyboardc/UIViewController-CJz-eI-doe.nib ... 
2018-01-22 01:10:06 +0000  1167 bytes for ./Base.lproj/Main.storyboardc/UIViewController-CJz-eI-doe.nib
copying file ./Base.lproj/Main.storyboardc/ViewControllerForget1.nib ... 
2018-01-22 01:10:06 +0000  1506 bytes for ./Base.lproj/Main.storyboardc/ViewControllerForget1.nib
copying file ./Base.lproj/Main.storyboardc/UIViewController-1RH-IW-QLl.nib ... 
2018-01-22 01:10:06 +0000  1483 bytes for ./Base.lproj/Main.storyboardc/UIViewController-1RH-IW-QLl.nib
copying file ./Base.lproj/Main.storyboardc/dvz-tB-TA9-view-Bdb-lF-vxJ.nib ... 
2018-01-22 01:10:06 +0000  4011 bytes for ./Base.lproj/Main.storyboardc/dvz-tB-TA9-view-Bdb-lF-vxJ.nib
2018-01-22 01:10:06 +0000  copying file ./Base.lproj/Main.storyboardc/ViewControllerIdentify.nib ... 
2018-01-22 01:10:06 +0000  1527 bytes for ./Base.lproj/Main.storyboardc/ViewControllerIdentify.nib
2018-01-22 01:10:06 +0000  copying file ./Base.lproj/Main.storyboardc/ViewControllerScoreParent.nib ... 
2018-01-22 01:10:06 +0000  1229 bytes for ./Base.lproj/Main.storyboardc/ViewControllerScoreParent.nib
2018-01-22 01:10:06 +0000  copying file ./Base.lproj/Main.storyboardc/Info.plist ... 
2018-01-22 01:10:06 +0000  2689 bytes for ./Base.lproj/Main.storyboardc/Info.plist
2018-01-22 01:10:06 +0000  copying file ./Base.lproj/Main.storyboardc/gdZ-N3-O4n-view-6WO-oR-69i.nib ... 
2018-01-22 01:10:06 +0000  7769 bytes for ./Base.lproj/Main.storyboardc/gdZ-N3-O4n-view-6WO-oR-69i.nib
copying file ./Base.lproj/Main.storyboardc/bxg-H6-xrb-view-5Ky-ZO-Itu.nib ... 
2018-01-22 01:10:06 +0000  7910 bytes for ./Base.lproj/Main.storyboardc/bxg-H6-xrb-view-5Ky-ZO-Itu.nib
copying file ./Base.lproj/Main.storyboardc/Btc-Dk-iUc-view-yKY-3I-4zw.nib ... 
2018-01-22 01:10:06 +0000  2900 bytes for ./Base.lproj/Main.storyboardc/Btc-Dk-iUc-view-yKY-3I-4zw.nib
2018-01-22 01:10:06 +0000  copying file ./Base.lproj/Main.storyboardc/Prh-ob-75E-view-rKB-jb-NdF.nib ... 
2018-01-22 01:10:06 +0000  13689 bytes for ./Base.lproj/Main.storyboardc/Prh-ob-75E-view-rKB-jb-NdF.nib
2018-01-22 01:10:06 +0000  copying file ./Base.lproj/LaunchScreen.storyboardc/01J-lp-oVM-view-Ze5-6b-2t3.nib ... 
2018-01-22 01:10:06 +0000  1790 bytes for ./Base.lproj/LaunchScreen.storyboardc/01J-lp-oVM-view-Ze5-6b-2t3.nib
2018-01-22 01:10:06 +0000  copying file ./Base.lproj/LaunchScreen.storyboardc/UIViewController-01J-lp-oVM.nib ... 
2018-01-22 01:10:06 +0000  832 bytes for ./Base.lproj/LaunchScreen.storyboardc/UIViewController-01J-lp-oVM.nib
copying file ./Base.lproj/LaunchScreen.storyboardc/Info.plist ... 
2018-01-22 01:10:06 +0000  258 bytes for ./Base.lproj/LaunchScreen.storyboardc/Info.plist
2018-01-22 01:10:06 +0000  copying file ./hsimapp ... 
2018-01-22 01:10:06 +0000  7015856 bytes for ./hsimapp
2018-01-22 01:10:06 +0000  copying file ./intro_2.png ... 
51564 bytes for ./intro_2.png
copying file ./archived-expanded-entitlements.xcent ... 
246 bytes for ./archived-expanded-entitlements.xcent
copying file ./pw_see.png ... 
3685 bytes for ./pw_see.png
copying file ./PullTableViewLan.strings ... 
635 bytes for ./PullTableViewLan.strings
copying file ./whiteArrow.png ... 
4011 bytes for ./whiteArrow.png
copying file ./LeftReturnNavi@2x.png ... 
312 bytes for ./LeftReturnNavi@2x.png
copying file ./Assets.car ... 
230264 bytes for ./Assets.car
copying file ./AlbumOperateMore@3x.png ... 
505 bytes for ./AlbumOperateMore@3x.png
copying file ./AppIcon40x40@2x~ipad.png ... 
7046 bytes for ./AppIcon40x40@2x~ipad.png
copying file ./AppIcon76x76@2x~ipad.png ... 
10540 bytes for ./AppIcon76x76@2x~ipad.png
copying file ./LaunchImage-800-Portrait-736h@3x.png ... 
402861 bytes for ./LaunchImage-800-Portrait-736h@3x.png
copying file ./blackArrow@2x.png ... 
593 bytes for ./blackArrow@2x.png
copying file ./AlbumOperateMore@2x.png ... 
303 bytes for ./AlbumOperateMore@2x.png
copying file ./LaunchImage-700@2x.png ... 
147677 bytes for ./LaunchImage-700@2x.png
copying file ./AppIcon83.5x83.5@2x~ipad.png ... 
9331 bytes for ./AppIcon83.5x83.5@2x~ipad.png
copying file ./LaunchImage-700-568h@2x.png ... 
149457 bytes for ./LaunchImage-700-568h@2x.png
copying file ./README.txt ... 
2001 bytes for ./README.txt
copying file ./ViewControllerChat.nib ... 
6035 bytes for ./ViewControllerChat.nib
copying file ./AppIcon29x29@2x~ipad.png ... 
5604 bytes for ./AppIcon29x29@2x~ipad.png
copying file ./blueArrow.png ... 
4175 bytes for ./blueArrow.png
copying file ./AddentTableViewCell~ipad.nib/runtime.nib ... 
3758 bytes for ./AddentTableViewCell~ipad.nib/runtime.nib
copying file ./AddentTableViewCell~ipad.nib/objects-8.0+.nib ... 
3761 bytes for ./AddentTableViewCell~ipad.nib/objects-8.0+.nib
copying file ./AppIcon40x40~ipad.png ... 
4734 bytes for ./AppIcon40x40~ipad.png
copying file ./icon-success@2x.png ... 
1881 bytes for ./icon-success@2x.png
copying file ./MBProgressHUD.bundle/error@2x.png ... 
2018-01-22 01:10:06 +0000  739 bytes for ./MBProgressHUD.bundle/error@2x.png
copying file ./MBProgressHUD.bundle/success@2x.png ... 
872 bytes for ./MBProgressHUD.bundle/success@2x.png
copying file ./MBProgressHUD.bundle/error.png ... 
371 bytes for ./MBProgressHUD.bundle/error.png
copying file ./MBProgressHUD.bundle/success.png ... 
508 bytes for ./MBProgressHUD.bundle/success.png
copying file ./embedded.mobileprovision ... 
2018-01-22 01:10:06 +0000  17011 bytes for ./embedded.mobileprovision
2018-01-22 01:10:06 +0000  copying file ./icon-error@2x.png ... 
2018-01-22 01:10:06 +0000  1963 bytes for ./icon-error@2x.png
2018-01-22 01:10:06 +0000  copying file ./icon-success.png ... 
2018-01-22 01:10:06 +0000  952 bytes for ./icon-success.png
2018-01-22 01:10:06 +0000  copying file ./pw_unsee.png ... 
2018-01-22 01:10:06 +0000  3801 bytes for ./pw_unsee.png
2018-01-22 01:10:06 +0000  copying file ./Info.plist ... 
2018-01-22 01:10:06 +0000  2550 bytes for ./Info.plist
2018-01-22 01:10:06 +0000  copying file ./grayArrow@2x.png ... 
2018-01-22 01:10:06 +0000  1737 bytes for ./grayArrow@2x.png
2018-01-22 01:10:06 +0000  copying file ./PkgInfo ... 
2018-01-22 01:10:06 +0000  8 bytes for ./PkgInfo
copying file ./AppIcon76x76~ipad.png ... 
2018-01-22 01:10:06 +0000  6819 bytes for ./AppIcon76x76~ipad.png
2018-01-22 01:10:06 +0000  copying file ./sendmsg.caf ... 
2018-01-22 01:10:06 +0000  40578 bytes for ./sendmsg.caf
2018-01-22 01:10:06 +0000  2018-01-22 01:10:06 +0000  

2018-01-22 01:10:06 +0000  /usr/bin/ditto exited with 0
2018-01-22 01:10:06 +0000  
2018-01-22 01:10:06 +0000  Processing step: IDEDistributionEmbedProfileStep
2018-01-22 01:10:06 +0000  Processing step: IDEDistributionItemRemovalStep
2018-01-22 01:10:06 +0000  Processing step: IDEDistributionAppThinningPlistStep
2018-01-22 01:10:06 +0000  Skipping step: IDEDistributionAppThinningPlistStep because it said so
2018-01-22 01:10:06 +0000  Processing step: IDEDistributionCompileBitcodeStep
2018-01-22 01:10:06 +0000  Skipping step: IDEDistributionCompileBitcodeStep because it said so
2018-01-22 01:10:06 +0000  Processing step: IDEDistributionCodeSlimmingStep
2018-01-22 01:10:06 +0000  Processing step: IDEDistributionCopyBCSymbolMapsStep
2018-01-22 01:10:07 +0000  Processing step: IDEDistributionSymbolsStep
2018-01-22 01:10:07 +0000  Processing symbols for hsimapp.app
2018-01-22 01:10:07 +0000  Running /usr/bin/rsync '-8aPhhE' '/var/folders/p6/lb5nyc194qqby9kgvbtxgpc80000gn/T/XcodeDistPipeline.A5K/Root/Payload/hsimapp.app' '--link-dest' '/var/folders/p6/lb5nyc194qqby9kgvbtxgpc80000gn/T/XcodeDistPipeline.A5K/Root/Payload' '/var/folders/p6/lb5nyc194qqby9kgvbtxgpc80000gn/T/XcodeDistPipeline.A5K'
2018-01-22 01:10:07 +0000  building file list ... 
2018-01-22 01:10:07 +0000   0 files...2018-01-22 01:10:07 +0000   100 files...2018-01-22 01:10:07 +0000  173 files to consider
2018-01-22 01:10:07 +0000  hsimapp.app/
2018-01-22 01:10:07 +0000  hsimapp.app/AddentTableViewCell~ipad.nib/
hsimapp.app/AddentTableViewCell~iphone.nib/
2018-01-22 01:10:07 +0000  hsimapp.app/AlipaySDK.bundle/
hsimapp.app/Base.lproj/
hsimapp.app/Base.lproj/LaunchScreen.storyboardc/
hsimapp.app/Base.lproj/Main.storyboardc/
hsimapp.app/IQKeyboardManager.bundle/
hsimapp.app/MBProgressHUD.bundle/
hsimapp.app/_CodeSignature/
2018-01-22 01:10:07 +0000  
2018-01-22 01:10:07 +0000  sent 5.96K bytes  received 80 bytes  12.08K bytes/sec
total size is 8.69M  speedup is 1472.36
2018-01-22 01:10:07 +0000  
2018-01-22 01:10:07 +0000  
2018-01-22 01:10:07 +0000  
2018-01-22 01:10:07 +0000  2018-01-22 01:10:07 +0000  /usr/bin/rsync exited with 0

2018-01-22 01:10:07 +0000  2018-01-22 01:10:07 +0000  

2018-01-22 01:10:07 +0000  Running /usr/bin/rsync '-8aPhhE' '/Users/dingding/Library/Developer/Xcode/Archives/2018-01-22/hsimapp 2018-1-22 上午9.09.xcarchive/dSYMs/' '--link-dest' '/Users/dingding/Library/Developer/Xcode/Archives/2018-01-22/hsimapp 2018-1-22 上午9.09.xcarchive/dSYMs/' '/var/folders/p6/lb5nyc194qqby9kgvbtxgpc80000gn/T/XcodeDistPipeline.A5K'
2018-01-22 01:10:07 +0000  building file list ... 
2018-01-22 01:10:07 +0000   0 files...2018-01-22 01:10:07 +0000  7 files to consider
2018-01-22 01:10:07 +0000  ./
2018-01-22 01:10:07 +0000  hsimapp.app.dSYM/
hsimapp.app.dSYM/Contents/
2018-01-22 01:10:07 +0000  hsimapp.app.dSYM/Contents/Resources/
hsimapp.app.dSYM/Contents/Resources/DWARF/
2018-01-22 01:10:07 +0000  
sent 237 bytes  received 50 bytes  574.00 bytes/sec
total size is 11.92M  speedup is 43537.00
2018-01-22 01:10:07 +0000  2018-01-22 01:10:07 +0000  

2018-01-22 01:10:07 +0000  
2018-01-22 01:10:07 +0000  
2018-01-22 01:10:07 +0000  2018-01-22 01:10:07 +0000  /usr/bin/rsync exited with 0

2018-01-22 01:10:07 +0000  2018-01-22 01:10:07 +0000  

2018-01-22 01:10:07 +0000  Running /Applications/Xcode9.1.app/Contents/Developer/usr/bin/symbols '-noTextInSOD' '-noDaemon' '-arch' 'all' '-symbolsPackageDir' '/var/folders/p6/lb5nyc194qqby9kgvbtxgpc80000gn/T/XcodeDistPipeline.A5K/Symbols' '/var/folders/p6/lb5nyc194qqby9kgvbtxgpc80000gn/T/XcodeDistPipeline.A5K/hsimapp.app.dSYM/Contents/Resources/Dwarf/hsimapp'
2018-01-22 01:10:07 +0000  /var/folders/p6/lb5nyc194qqby9kgvbtxgpc80000gn/T/XcodeDistPipeline.A5K/hsimapp.app.dSYM/Contents/Resources/Dwarf/hsimapp [armv7, 0.361672 seconds]:
/var/folders/p6/lb5nyc194qqby9kgvbtxgpc80000gn/T/XcodeDistPipeline.A5K/hsimapp.app.dSYM/Contents/Resources/Dwarf/hsimapp [arm64, 0.361672 seconds]:
2018-01-22 01:10:07 +0000  
2018-01-22 01:10:07 +0000  
2018-01-22 01:10:07 +0000  
2018-01-22 01:10:07 +0000  2018-01-22 01:10:07 +0000  /Applications/Xcode9.1.app/Contents/Developer/usr/bin/symbols exited with 02018-01-22 01:10:07 +0000  


2018-01-22 01:10:07 +0000  Processing step: IDEDistributionCopyAppleProvidedContentStep
2018-01-22 01:10:07 +0000  Processing step: IDEDistributionAppThinningStep
2018-01-22 01:10:07 +0000  Skipping step: IDEDistributionAppThinningStep because it said so
2018-01-22 01:10:07 +0000  Processing step: IDEDistributionODRStep
2018-01-22 01:10:07 +0000  Processing step: IDEDistributionStripXattrsStep
2018-01-22 01:10:07 +0000  Running /usr/bin/xattr '-crs' '/var/folders/p6/lb5nyc194qqby9kgvbtxgpc80000gn/T/XcodeDistPipeline.A5K/Root/Payload/hsimapp.app'
2018-01-22 01:10:07 +0000  
2018-01-22 01:10:07 +0000  2018-01-22 01:10:07 +0000  /usr/bin/xattr exited with 0
2018-01-22 01:10:07 +0000  

2018-01-22 01:10:07 +0000  
2018-01-22 01:10:07 +0000  Processing step: IDEDistributionCodesignStep
2018-01-22 01:10:07 +0000  Applying entitlements delta for <IDEDistributionItem: 0x7fe1ee4073a0 'com.szhuanshuo.hsimapp' '<DVTFilePath:0x7fe1eb71d5a0:'/Users/dingding/Library/Developer/Xcode/Archives/2018-01-22/hsimapp 2018-1-22 上午9.09.xcarchive/Products/Applications/hsimapp.app'>'> from <IDEiCloudEntitlementsProcessor: 0x7fe1eae11430>: {
}
2018-01-22 01:10:07 +0000  Entitlements for <IDEDistributionItem: 0x7fe1ee4073a0 'com.szhuanshuo.hsimapp' '<DVTFilePath:0x7fe1eb71d5a0:'/Users/dingding/Library/Developer/Xcode/Archives/2018-01-22/hsimapp 2018-1-22 上午9.09.xcarchive/Products/Applications/hsimapp.app'>'>: {
    "application-identifier" = "PM354JS385.com.szhuanshuo.hsimapp";
    "aps-environment" = production;
    "beta-reports-active" = 1;
    "com.apple.developer.team-identifier" = PM354JS385;
    "get-task-allow" = 0;
}
2018-01-22 01:10:07 +0000  Writing entitlements for <IDEDistributionItem: 0x7fe1ee4073a0 'com.szhuanshuo.hsimapp' '<DVTFilePath:0x7fe1eb71d5a0:'/Users/dingding/Library/Developer/Xcode/Archives/2018-01-22/hsimapp 2018-1-22 上午9.09.xcarchive/Products/Applications/hsimapp.app'>'> to: /var/folders/p6/lb5nyc194qqby9kgvbtxgpc80000gn/T/XcodeDistPipeline.A5K/entitlementsSmr1Im
2018-01-22 01:10:07 +0000  Running /usr/bin/codesign '-vvv' '--force' '--sign' '961BB31E1F4185FD2AF4460D6D4A242DB182139B' '--preserve-metadata=identifier,flags' '--entitlements' '/var/folders/p6/lb5nyc194qqby9kgvbtxgpc80000gn/T/XcodeDistPipeline.A5K/entitlementsSmr1Im' '/var/folders/p6/lb5nyc194qqby9kgvbtxgpc80000gn/T/XcodeDistPipeline.A5K/Root/Payload/hsimapp.app'
2018-01-22 01:10:08 +0000  /var/folders/p6/lb5nyc194qqby9kgvbtxgpc80000gn/T/XcodeDistPipeline.A5K/Root/Payload/hsimapp.app: replacing existing signature
2018-01-22 01:10:08 +0000  /var/folders/p6/lb5nyc194qqby9kgvbtxgpc80000gn/T/XcodeDistPipeline.A5K/Root/Payload/hsimapp.app: signed app bundle with Mach-O universal (armv7 arm64) [com.szhuanshuo.hsimapp]
2018-01-22 01:10:08 +0000  2018-01-22 01:10:08 +0000  

2018-01-22 01:10:08 +0000  
2018-01-22 01:10:08 +0000  /usr/bin/codesign exited with 0
2018-01-22 01:10:08 +0000  2018-01-22 01:10:08 +0000  

2018-01-22 01:10:08 +0000  Processing step: IDEDistributionStreamingZipItemStep
2018-01-22 01:10:08 +0000  Skipping step: IDEDistributionStreamingZipItemStep because it said so
2018-01-22 01:10:08 +0000  Processing step: IDEDistributionCreateIPAStep
2018-01-22 01:10:08 +0000  Running /usr/bin/rsync '-8aPhhE' '/var/folders/p6/lb5nyc194qqby9kgvbtxgpc80000gn/T/XcodeDistPipeline.A5K/Symbols' '--link-dest' '/var/folders/p6/lb5nyc194qqby9kgvbtxgpc80000gn/T/XcodeDistPipeline.A5K' '/var/folders/p6/lb5nyc194qqby9kgvbtxgpc80000gn/T/XcodeDistPipeline.A5K/Root'
2018-01-22 01:10:08 +0000  building file list ... 
2018-01-22 01:10:08 +0000   0 files...2018-01-22 01:10:08 +0000  3 files to consider
2018-01-22 01:10:08 +0000  Symbols/
2018-01-22 01:10:08 +0000  
sent 197 bytes  received 26 bytes  446.00 bytes/sec
total size is 7.96M  speedup is 37427.01
2018-01-22 01:10:08 +0000  
2018-01-22 01:10:08 +0000  
2018-01-22 01:10:08 +0000  2018-01-22 01:10:08 +0000  
2018-01-22 01:10:08 +0000  /usr/bin/rsync exited with 0

2018-01-22 01:10:08 +0000  
2018-01-22 01:10:08 +0000  Running /usr/bin/ditto '-V' '-c' '-k' '--norsrc' '/var/folders/p6/lb5nyc194qqby9kgvbtxgpc80000gn/T/XcodeDistPipeline.A5K/Root' '/var/folders/p6/lb5nyc194qqby9kgvbtxgpc80000gn/T/XcodeDistPipeline.A5K/Packages/hsimapp.ipa'
2018-01-22 01:10:08 +0000  >>> Copying /var/folders/p6/lb5nyc194qqby9kgvbtxgpc80000gn/T/XcodeDistPipeline.A5K/Root 
2018-01-22 01:10:08 +0000  copying file ./Payload/hsimapp.app/_CodeSignature/CodeResources ... 
2018-01-22 01:10:08 +0000  56887 bytes for ./Payload/hsimapp.app/_CodeSignature/CodeResources
2018-01-22 01:10:08 +0000  copying file ./Payload/hsimapp.app/blackArrow.png ... 
2018-01-22 01:10:08 +0000  3799 bytes for ./Payload/hsimapp.app/blackArrow.png
2018-01-22 01:10:08 +0000  copying file ./Payload/hsimapp.app/AlipaySDK.bundle/shutdown@2x.png ... 
2018-01-22 01:10:08 +0000  222 bytes for ./Payload/hsimapp.app/AlipaySDK.bundle/shutdown@2x.png
copying file ./Payload/hsimapp.app/AlipaySDK.bundle/refresh@2x.png ... 
2018-01-22 01:10:08 +0000  605 bytes for ./Payload/hsimapp.app/AlipaySDK.bundle/refresh@2x.png
copying file ./Payload/hsimapp.app/AlipaySDK.bundle/refresh_click@2x.png ... 
2018-01-22 01:10:08 +0000  1824 bytes for ./Payload/hsimapp.app/AlipaySDK.bundle/refresh_click@2x.png
2018-01-22 01:10:08 +0000  copying file ./Payload/hsimapp.app/AlipaySDK.bundle/shutdown_click@2x.png ... 
2018-01-22 01:10:08 +0000  1319 bytes for ./Payload/hsimapp.app/AlipaySDK.bundle/shutdown_click@2x.png
copying file ./Payload/hsimapp.app/AlipaySDK.bundle/bar@2x.png ... 
2018-01-22 01:10:08 +0000  1011 bytes for ./Payload/hsimapp.app/AlipaySDK.bundle/bar@2x.png
copying file ./Payload/hsimapp.app/blueArrow@2x.png ... 
2018-01-22 01:10:08 +0000  894 bytes for ./Payload/hsimapp.app/blueArrow@2x.png
copying file ./Payload/hsimapp.app/icon-info@2x.png ... 
2018-01-22 01:10:08 +0000  2011 bytes for ./Payload/hsimapp.app/icon-info@2x.png
copying file ./Payload/hsimapp.app/LICENSE ... 
2018-01-22 01:10:08 +0000  1063 bytes for ./Payload/hsimapp.app/LICENSE
copying file ./Payload/hsimapp.app/grayArrow.png ... 
2018-01-22 01:10:08 +0000  1077 bytes for ./Payload/hsimapp.app/grayArrow.png
copying file ./Payload/hsimapp.app/whiteArrow@2x.png ... 
2018-01-22 01:10:08 +0000  869 bytes for ./Payload/hsimapp.app/whiteArrow@2x.png
2018-01-22 01:10:08 +0000  copying file ./Payload/hsimapp.app/AppIcon60x60@2x.png ... 
2018-01-22 01:10:08 +0000  8886 bytes for ./Payload/hsimapp.app/AppIcon60x60@2x.png
copying file ./Payload/hsimapp.app/IQKeyboardManager.bundle/IQButtonBarArrowRight@2x.png ... 
2018-01-22 01:10:08 +0000  1786 bytes for ./Payload/hsimapp.app/IQKeyboardManager.bundle/IQButtonBarArrowRight@2x.png
2018-01-22 01:10:08 +0000  copying file ./Payload/hsimapp.app/IQKeyboardManager.bundle/IQButtonBarArrowUp@3x.png ... 
2018-01-22 01:10:08 +0000  2164 bytes for ./Payload/hsimapp.app/IQKeyboardManager.bundle/IQButtonBarArrowUp@3x.png
copying file ./Payload/hsimapp.app/IQKeyboardManager.bundle/IQButtonBarArrowUp@2x.png ... 
2018-01-22 01:10:08 +0000  1769 bytes for ./Payload/hsimapp.app/IQKeyboardManager.bundle/IQButtonBarArrowUp@2x.png
copying file ./Payload/hsimapp.app/IQKeyboardManager.bundle/IQButtonBarArrowRight@3x.png ... 
2018-01-22 01:10:08 +0000  1844 bytes for ./Payload/hsimapp.app/IQKeyboardManager.bundle/IQButtonBarArrowRight@3x.png
copying file ./Payload/hsimapp.app/IQKeyboardManager.bundle/IQButtonBarArrowLeft@3x.png ... 
2018-01-22 01:10:08 +0000  1815 bytes for ./Payload/hsimapp.app/IQKeyboardManager.bundle/IQButtonBarArrowLeft@3x.png
copying file ./Payload/hsimapp.app/IQKeyboardManager.bundle/IQButtonBarArrowDown@3x.png ... 
2018-01-22 01:10:08 +0000  2177 bytes for ./Payload/hsimapp.app/IQKeyboardManager.bundle/IQButtonBarArrowDown@3x.png
2018-01-22 01:10:08 +0000  copying file ./Payload/hsimapp.app/IQKeyboardManager.bundle/IQButtonBarArrowDown@2x.png ... 
2018-01-22 01:10:08 +0000  1764 bytes for ./Payload/hsimapp.app/IQKeyboardManager.bundle/IQButtonBarArrowDown@2x.png
copying file ./Payload/hsimapp.app/IQKeyboardManager.bundle/IQButtonBarArrowLeft@2x.png ... 
2018-01-22 01:10:08 +0000  1793 bytes for ./Payload/hsimapp.app/IQKeyboardManager.bundle/IQButtonBarArrowLeft@2x.png
copying file ./Payload/hsimapp.app/mh_defaultAvatar@2x.png ... 
2018-01-22 01:10:08 +0000  1837 bytes for ./Payload/hsimapp.app/mh_defaultAvatar@2x.png
2018-01-22 01:10:08 +0000  copying file ./Payload/hsimapp.app/AppIcon29x29@2x.png ... 
2018-01-22 01:10:08 +0000  5604 bytes for ./Payload/hsimapp.app/AppIcon29x29@2x.png
copying file ./Payload/hsimapp.app/icon-error.png ... 
2018-01-22 01:10:08 +0000  1032 bytes for ./Payload/hsimapp.app/icon-error.png
copying file ./Payload/hsimapp.app/LaunchImage-800-667h@2x.png ... 
2018-01-22 01:10:08 +0000  179255 bytes for ./Payload/hsimapp.app/LaunchImage-800-667h@2x.png
2018-01-22 01:10:08 +0000  copying file ./Payload/hsimapp.app/AppIcon40x40@3x.png ... 
2018-01-22 01:10:08 +0000  8886 bytes for ./Payload/hsimapp.app/AppIcon40x40@3x.png
copying file ./Payload/hsimapp.app/CellChatMessage.nib ... 
2018-01-22 01:10:08 +0000  4540 bytes for ./Payload/hsimapp.app/CellChatMessage.nib
2018-01-22 01:10:08 +0000  copying file ./Payload/hsimapp.app/icon-info.png ... 
2018-01-22 01:10:08 +0000  975 bytes for ./Payload/hsimapp.app/icon-info.png
copying file ./Payload/hsimapp.app/icon-allTalk.png ... 
2018-01-22 01:10:08 +0000  4419 bytes for ./Payload/hsimapp.app/icon-allTalk.png
2018-01-22 01:10:08 +0000  copying file ./Payload/hsimapp.app/AppIcon29x29~ipad.png ... 
2018-01-22 01:10:08 +0000  4184 bytes for ./Payload/hsimapp.app/AppIcon29x29~ipad.png
copying file ./Payload/hsimapp.app/NCLoginPassWordModifyViewController.nib ... 
2018-01-22 01:10:08 +0000  5282 bytes for ./Payload/hsimapp.app/NCLoginPassWordModifyViewController.nib
2018-01-22 01:10:08 +0000  copying file ./Payload/hsimapp.app/AddentTableViewCell~iphone.nib/runtime.nib ... 
2018-01-22 01:10:08 +0000  3757 bytes for ./Payload/hsimapp.app/AddentTableViewCell~iphone.nib/runtime.nib
2018-01-22 01:10:08 +0000  copying file ./Payload/hsimapp.app/AddentTableViewCell~iphone.nib/objects-8.0+.nib ... 
2018-01-22 01:10:08 +0000  3760 bytes for ./Payload/hsimapp.app/AddentTableViewCell~iphone.nib/objects-8.0+.nib
2018-01-22 01:10:08 +0000  copying file ./Payload/hsimapp.app/AppIcon40x40@2x.png ... 
2018-01-22 01:10:08 +0000  7046 bytes for ./Payload/hsimapp.app/AppIcon40x40@2x.png
2018-01-22 01:10:08 +0000  copying file ./Payload/hsimapp.app/intro_1.png ... 
2018-01-22 01:10:08 +0000  34362 bytes for ./Payload/hsimapp.app/intro_1.png
2018-01-22 01:10:08 +0000  copying file ./Payload/hsimapp.app/AppIcon29x29@3x.png ... 
2018-01-22 01:10:08 +0000  7287 bytes for ./Payload/hsimapp.app/AppIcon29x29@3x.png
copying file ./Payload/hsimapp.app/intro_3.png ... 
2018-01-22 01:10:08 +0000  194511 bytes for ./Payload/hsimapp.app/intro_3.png
copying file ./Payload/hsimapp.app/MSG.WAV ... 
2018-01-22 01:10:08 +0000  7258 bytes for ./Payload/hsimapp.app/MSG.WAV
2018-01-22 01:10:08 +0000  copying file ./Payload/hsimapp.app/AppIcon60x60@3x.png ... 
2018-01-22 01:10:08 +0000  11632 bytes for ./Payload/hsimapp.app/AppIcon60x60@3x.png
2018-01-22 01:10:08 +0000  copying file ./Payload/hsimapp.app/Base.lproj/Main.storyboardc/ViewControllerGroup.nib ... 
2018-01-22 01:10:08 +0000  1104 bytes for ./Payload/hsimapp.app/Base.lproj/Main.storyboardc/ViewControllerGroup.nib
copying file ./Payload/hsimapp.app/Base.lproj/Main.storyboardc/CJz-eI-doe-view-DsV-Vm-peA.nib ... 
2018-01-22 01:10:08 +0000  8753 bytes for ./Payload/hsimapp.app/Base.lproj/Main.storyboardc/CJz-eI-doe-view-DsV-Vm-peA.nib
2018-01-22 01:10:08 +0000  copying file ./Payload/hsimapp.app/Base.lproj/Main.storyboardc/Rnp-Qj-Lah-view-m1G-X9-x90.nib ... 
2018-01-22 01:10:08 +0000  6741 bytes for ./Payload/hsimapp.app/Base.lproj/Main.storyboardc/Rnp-Qj-Lah-view-m1G-X9-x90.nib
2018-01-22 01:10:08 +0000  copying file ./Payload/hsimapp.app/Base.lproj/Main.storyboardc/eI4-9I-KKl-view-ema-Jo-ye0.nib ... 
2018-01-22 01:10:08 +0000  12017 bytes for ./Payload/hsimapp.app/Base.lproj/Main.storyboardc/eI4-9I-KKl-view-ema-Jo-ye0.nib
2018-01-22 01:10:08 +0000  copying file ./Payload/hsimapp.app/Base.lproj/Main.storyboardc/UITabBarController-49e-Tb-3d3.nib ... 
2018-01-22 01:10:08 +0000  7083 bytes for ./Payload/hsimapp.app/Base.lproj/Main.storyboardc/UITabBarController-49e-Tb-3d3.nib
2018-01-22 01:10:08 +0000  copying file ./Payload/hsimapp.app/Base.lproj/Main.storyboardc/TdE-hY-RaZ-view-2Gh-Zo-x0f.nib ... 
2018-01-22 01:10:08 +0000  12768 bytes for ./Payload/hsimapp.app/Base.lproj/Main.storyboardc/TdE-hY-RaZ-view-2Gh-Zo-x0f.nib
2018-01-22 01:10:08 +0000  copying file ./Payload/hsimapp.app/Base.lproj/Main.storyboardc/UIViewController-Iu5-QT-Swq.nib ... 
1200 bytes for ./Payload/hsimapp.app/Base.lproj/Main.storyboardc/UIViewController-Iu5-QT-Swq.nib
2018-01-22 01:10:08 +0000  copying file ./Payload/hsimapp.app/Base.lproj/Main.storyboardc/YdD-Gl-8HU-view-hDP-eA-sV2.nib ... 
2018-01-22 01:10:08 +0000  9852 bytes for ./Payload/hsimapp.app/Base.lproj/Main.storyboardc/YdD-Gl-8HU-view-hDP-eA-sV2.nib
2018-01-22 01:10:08 +0000  copying file ./Payload/hsimapp.app/Base.lproj/Main.storyboardc/UIViewController-UWT-BR-CYP.nib ... 
1171 bytes for ./Payload/hsimapp.app/Base.lproj/Main.storyboardc/UIViewController-UWT-BR-CYP.nib
2018-01-22 01:10:08 +0000  copying file ./Payload/hsimapp.app/Base.lproj/Main.storyboardc/UIViewController-TdE-hY-RaZ.nib ... 
2018-01-22 01:10:08 +0000  1169 bytes for ./Payload/hsimapp.app/Base.lproj/Main.storyboardc/UIViewController-TdE-hY-RaZ.nib
copying file ./Payload/hsimapp.app/Base.lproj/Main.storyboardc/uTa-up-peb-view-MWH-5q-A5y.nib ... 
2018-01-22 01:10:08 +0000  2740 bytes for ./Payload/hsimapp.app/Base.lproj/Main.storyboardc/uTa-up-peb-view-MWH-5q-A5y.nib
copying file ./Payload/hsimapp.app/Base.lproj/Main.storyboardc/MnH-67-Oia-view-yla-KM-TaN.nib ... 
2018-01-22 01:10:08 +0000  11801 bytes for ./Payload/hsimapp.app/Base.lproj/Main.storyboardc/MnH-67-Oia-view-yla-KM-TaN.nib
2018-01-22 01:10:08 +0000  copying file ./Payload/hsimapp.app/Base.lproj/Main.storyboardc/SamplePagedViewController.nib ... 
1361 bytes for ./Payload/hsimapp.app/Base.lproj/Main.storyboardc/SamplePagedViewController.nib
2018-01-22 01:10:08 +0000  copying file ./Payload/hsimapp.app/Base.lproj/Main.storyboardc/LaA-LV-CgR-view-YC8-Il-cLS.nib ... 
2018-01-22 01:10:08 +0000  8765 bytes for ./Payload/hsimapp.app/Base.lproj/Main.storyboardc/LaA-LV-CgR-view-YC8-Il-cLS.nib
2018-01-22 01:10:08 +0000  copying file ./Payload/hsimapp.app/Base.lproj/Main.storyboardc/UIViewController-b81-k7-ntD.nib ... 
2018-01-22 01:10:08 +0000  2820 bytes for ./Payload/hsimapp.app/Base.lproj/Main.storyboardc/UIViewController-b81-k7-ntD.nib
copying file ./Payload/hsimapp.app/Base.lproj/Main.storyboardc/GOl-g7-sV1-view-w0U-dI-cCK.nib ... 
2018-01-22 01:10:08 +0000  11075 bytes for ./Payload/hsimapp.app/Base.lproj/Main.storyboardc/GOl-g7-sV1-view-w0U-dI-cCK.nib
2018-01-22 01:10:08 +0000  copying file ./Payload/hsimapp.app/Base.lproj/Main.storyboardc/ViewControllerFList.nib ... 
1110 bytes for ./Payload/hsimapp.app/Base.lproj/Main.storyboardc/ViewControllerFList.nib
2018-01-22 01:10:08 +0000  copying file ./Payload/hsimapp.app/Base.lproj/Main.storyboardc/ViewControllerHomework.nib ... 
2018-01-22 01:10:08 +0000  2726 bytes for ./Payload/hsimapp.app/Base.lproj/Main.storyboardc/ViewControllerHomework.nib
2018-01-22 01:10:08 +0000  copying file ./Payload/hsimapp.app/Base.lproj/Main.storyboardc/AUY-NQ-7Fb-view-dxl-VR-3Xx.nib ... 
2018-01-22 01:10:08 +0000  6749 bytes for ./Payload/hsimapp.app/Base.lproj/Main.storyboardc/AUY-NQ-7Fb-view-dxl-VR-3Xx.nib
2018-01-22 01:10:08 +0000  copying file ./Payload/hsimapp.app/Base.lproj/Main.storyboardc/Tra-Bg-biA-view-zam-5b-njK.nib ... 
2018-01-22 01:10:08 +0000  2295 bytes for ./Payload/hsimapp.app/Base.lproj/Main.storyboardc/Tra-Bg-biA-view-zam-5b-njK.nib
copying file ./Payload/hsimapp.app/Base.lproj/Main.storyboardc/ViewControllerLogin.nib ... 
2018-01-22 01:10:08 +0000  1858 bytes for ./Payload/hsimapp.app/Base.lproj/Main.storyboardc/ViewControllerLogin.nib
copying file ./Payload/hsimapp.app/Base.lproj/Main.storyboardc/UIViewController-VN3-Pk-nth.nib ... 
2018-01-22 01:10:08 +0000  1573 bytes for ./Payload/hsimapp.app/Base.lproj/Main.storyboardc/UIViewController-VN3-Pk-nth.nib
copying file ./Payload/hsimapp.app/Base.lproj/Main.storyboardc/UIViewController-hUw-bg-HRr.nib ... 
2018-01-22 01:10:08 +0000  1201 bytes for ./Payload/hsimapp.app/Base.lproj/Main.storyboardc/UIViewController-hUw-bg-HRr.nib
2018-01-22 01:10:08 +0000  copying file ./Payload/hsimapp.app/Base.lproj/Main.storyboardc/UIViewController-Rnp-Qj-Lah.nib ... 
2018-01-22 01:10:08 +0000  1512 bytes for ./Payload/hsimapp.app/Base.lproj/Main.storyboardc/UIViewController-Rnp-Qj-Lah.nib
copying file ./Payload/hsimapp.app/Base.lproj/Main.storyboardc/UWT-BR-CYP-view-Rlu-zE-laM.nib ... 
2018-01-22 01:10:08 +0000  5949 bytes for ./Payload/hsimapp.app/Base.lproj/Main.storyboardc/UWT-BR-CYP-view-Rlu-zE-laM.nib
2018-01-22 01:10:08 +0000  copying file ./Payload/hsimapp.app/Base.lproj/Main.storyboardc/UITableViewController-Btc-Dk-iUc.nib ... 
1097 bytes for ./Payload/hsimapp.app/Base.lproj/Main.storyboardc/UITableViewController-Btc-Dk-iUc.nib
2018-01-22 01:10:08 +0000  copying file ./Payload/hsimapp.app/Base.lproj/Main.storyboardc/V0q-ue-AH2-view-FeA-XB-G5D.nib ... 
2018-01-22 01:10:08 +0000  6961 bytes for ./Payload/hsimapp.app/Base.lproj/Main.storyboardc/V0q-ue-AH2-view-FeA-XB-G5D.nib
2018-01-22 01:10:08 +0000  copying file ./Payload/hsimapp.app/Base.lproj/Main.storyboardc/hNT-5K-YwL-view-N2B-H2-eNH.nib ... 
2018-01-22 01:10:08 +0000  9501 bytes for ./Payload/hsimapp.app/Base.lproj/Main.storyboardc/hNT-5K-YwL-view-N2B-H2-eNH.nib
2018-01-22 01:10:08 +0000  copying file ./Payload/hsimapp.app/Base.lproj/Main.storyboardc/UIViewController-Prh-ob-75E.nib ... 
1055 bytes for ./Payload/hsimapp.app/Base.lproj/Main.storyboardc/UIViewController-Prh-ob-75E.nib
2018-01-22 01:10:08 +0000  copying file ./Payload/hsimapp.app/Base.lproj/Main.storyboardc/UIViewController-AUY-NQ-7Fb.nib ... 
2018-01-22 01:10:08 +0000  1170 bytes for ./Payload/hsimapp.app/Base.lproj/Main.storyboardc/UIViewController-AUY-NQ-7Fb.nib
copying file ./Payload/hsimapp.app/Base.lproj/Main.storyboardc/UIViewController-7xh-8z-O39.nib ... 
2018-01-22 01:10:08 +0000  1482 bytes for ./Payload/hsimapp.app/Base.lproj/Main.storyboardc/UIViewController-7xh-8z-O39.nib
copying file ./Payload/hsimapp.app/Base.lproj/Main.storyboardc/ViewControllerIntro.nib ... 
2018-01-22 01:10:08 +0000  1345 bytes for ./Payload/hsimapp.app/Base.lproj/Main.storyboardc/ViewControllerIntro.nib
copying file ./Payload/hsimapp.app/Base.lproj/Main.storyboardc/EMF-Gk-X78-view-Ec8-ka-x93.nib ... 
2018-01-22 01:10:08 +0000  8828 bytes for ./Payload/hsimapp.app/Base.lproj/Main.storyboardc/EMF-Gk-X78-view-Ec8-ka-x93.nib
2018-01-22 01:10:08 +0000  copying file ./Payload/hsimapp.app/Base.lproj/Main.storyboardc/e8N-WF-EGS-view-5mr-37-8Ln.nib ... 
2018-01-22 01:10:08 +0000  8595 bytes for ./Payload/hsimapp.app/Base.lproj/Main.storyboardc/e8N-WF-EGS-view-5mr-37-8Ln.nib
2018-01-22 01:10:08 +0000  copying file ./Payload/hsimapp.app/Base.lproj/Main.storyboardc/wf6-kN-f63-view-REm-s6-fPf.nib ... 
2018-01-22 01:10:08 +0000  6841 bytes for ./Payload/hsimapp.app/Base.lproj/Main.storyboardc/wf6-kN-f63-view-REm-s6-fPf.nib
2018-01-22 01:10:08 +0000  copying file ./Payload/hsimapp.app/Base.lproj/Main.storyboardc/Jx2-ev-4h0-view-Hhx-EF-BeW.nib ... 
2018-01-22 01:10:08 +0000  7998 bytes for ./Payload/hsimapp.app/Base.lproj/Main.storyboardc/Jx2-ev-4h0-view-Hhx-EF-BeW.nib
2018-01-22 01:10:08 +0000  copying file ./Payload/hsimapp.app/Base.lproj/Main.storyboardc/UIViewController-MnH-67-Oia.nib ... 
1511 bytes for ./Payload/hsimapp.app/Base.lproj/Main.storyboardc/UIViewController-MnH-67-Oia.nib
2018-01-22 01:10:08 +0000  copying file ./Payload/hsimapp.app/Base.lproj/Main.storyboardc/a0e-nf-ogL-view-hzS-81-Qao.nib ... 
2018-01-22 01:10:08 +0000  9274 bytes for ./Payload/hsimapp.app/Base.lproj/Main.storyboardc/a0e-nf-ogL-view-hzS-81-Qao.nib
2018-01-22 01:10:08 +0000  copying file ./Payload/hsimapp.app/Base.lproj/Main.storyboardc/UINavigationController-i4e-ml-Gvz.nib ... 
2018-01-22 01:10:08 +0000  2098 bytes for ./Payload/hsimapp.app/Base.lproj/Main.storyboardc/UINavigationController-i4e-ml-Gvz.nib
copying file ./Payload/hsimapp.app/Base.lproj/Main.storyboardc/ViewControllerNotify.nib ... 
2018-01-22 01:10:08 +0000  1105 bytes for ./Payload/hsimapp.app/Base.lproj/Main.storyboardc/ViewControllerNotify.nib
copying file ./Payload/hsimapp.app/Base.lproj/Main.storyboardc/UIViewController-tUk-YW-XvM.nib ... 
2018-01-22 01:10:08 +0000  1047 bytes for ./Payload/hsimapp.app/Base.lproj/Main.storyboardc/UIViewController-tUk-YW-XvM.nib
copying file ./Payload/hsimapp.app/Base.lproj/Main.storyboardc/7xh-8z-O39-view-P7E-IE-kfj.nib ... 
2018-01-22 01:10:08 +0000  8669 bytes for ./Payload/hsimapp.app/Base.lproj/Main.storyboardc/7xh-8z-O39-view-P7E-IE-kfj.nib
2018-01-22 01:10:08 +0000  copying file ./Payload/hsimapp.app/Base.lproj/Main.storyboardc/1RH-IW-QLl-view-w2q-u7-13D.nib ... 
2018-01-22 01:10:08 +0000  8670 bytes for ./Payload/hsimapp.app/Base.lproj/Main.storyboardc/1RH-IW-QLl-view-w2q-u7-13D.nib
2018-01-22 01:10:08 +0000  copying file ./Payload/hsimapp.app/Base.lproj/Main.storyboardc/fZc-pu-KSE-view-ZSn-3h-oxL.nib ... 
2018-01-22 01:10:08 +0000  7874 bytes for ./Payload/hsimapp.app/Base.lproj/Main.storyboardc/fZc-pu-KSE-view-ZSn-3h-oxL.nib
2018-01-22 01:10:08 +0000  copying file ./Payload/hsimapp.app/Base.lproj/Main.storyboardc/ViewControllerMessage.nib ... 
1421 bytes for ./Payload/hsimapp.app/Base.lproj/Main.storyboardc/ViewControllerMessage.nib
copying file ./Payload/hsimapp.app/Base.lproj/Main.storyboardc/yeB-VT-srm-view-N0c-bw-qTV.nib ... 
2018-01-22 01:10:08 +0000  2309 bytes for ./Payload/hsimapp.app/Base.lproj/Main.storyboardc/yeB-VT-srm-view-N0c-bw-qTV.nib
2018-01-22 01:10:08 +0000  copying file ./Payload/hsimapp.app/Base.lproj/Main.storyboardc/UIViewController-V0q-ue-AH2.nib ... 
2018-01-22 01:10:08 +0000  1213 bytes for ./Payload/hsimapp.app/Base.lproj/Main.storyboardc/UIViewController-V0q-ue-AH2.nib
copying file ./Payload/hsimapp.app/Base.lproj/Main.storyboardc/k5v-so-ZSj-view-Cs9-Gw-BIn.nib ... 
2018-01-22 01:10:08 +0000  10555 bytes for ./Payload/hsimapp.app/Base.lproj/Main.storyboardc/k5v-so-ZSj-view-Cs9-Gw-BIn.nib
2018-01-22 01:10:08 +0000  copying file ./Payload/hsimapp.app/Base.lproj/Main.storyboardc/ViewControllerFriendDetail.nib ... 
1569 bytes for ./Payload/hsimapp.app/Base.lproj/Main.storyboardc/ViewControllerFriendDetail.nib
2018-01-22 01:10:08 +0000  copying file ./Payload/hsimapp.app/Base.lproj/Main.storyboardc/tha-8W-xSt-view-WOO-m3-bDK.nib ... 
2018-01-22 01:10:08 +0000  2338 bytes for ./Payload/hsimapp.app/Base.lproj/Main.storyboardc/tha-8W-xSt-view-WOO-m3-bDK.nib
copying file ./Payload/hsimapp.app/Base.lproj/Main.storyboardc/b81-k7-ntD-view-0DX-hF-MIF.nib ... 
2018-01-22 01:10:08 +0000  8605 bytes for ./Payload/hsimapp.app/Base.lproj/Main.storyboardc/b81-k7-ntD-view-0DX-hF-MIF.nib
2018-01-22 01:10:08 +0000  copying file ./Payload/hsimapp.app/Base.lproj/Main.storyboardc/UIViewController-EhL-ps-ZQd.nib ... 
1195 bytes for ./Payload/hsimapp.app/Base.lproj/Main.storyboardc/UIViewController-EhL-ps-ZQd.nib
2018-01-22 01:10:08 +0000  copying file ./Payload/hsimapp.app/Base.lproj/Main.storyboardc/ViewControllerViewLogo.nib ... 
1139 bytes for ./Payload/hsimapp.app/Base.lproj/Main.storyboardc/ViewControllerViewLogo.nib
2018-01-22 01:10:08 +0000  copying file ./Payload/hsimapp.app/Base.lproj/Main.storyboardc/UIViewController-fns-ZX-cOu.nib ... 
1223 bytes for ./Payload/hsimapp.app/Base.lproj/Main.storyboardc/UIViewController-fns-ZX-cOu.nib
2018-01-22 01:10:08 +0000  copying file ./Payload/hsimapp.app/Base.lproj/Main.storyboardc/ViewControllerQA.nib ... 
1278 bytes for ./Payload/hsimapp.app/Base.lproj/Main.storyboardc/ViewControllerQA.nib
copying file ./Payload/hsimapp.app/Base.lproj/Main.storyboardc/ViewControllerSelfConfig.nib ... 
2018-01-22 01:10:08 +0000  1613 bytes for ./Payload/hsimapp.app/Base.lproj/Main.storyboardc/ViewControllerSelfConfig.nib
2018-01-22 01:10:08 +0000  copying file ./Payload/hsimapp.app/Base.lproj/Main.storyboardc/Iu5-QT-Swq-view-cjT-O3-gpg.nib ... 
2018-01-22 01:10:08 +0000  6868 bytes for ./Payload/hsimapp.app/Base.lproj/Main.storyboardc/Iu5-QT-Swq-view-cjT-O3-gpg.nib
2018-01-22 01:10:08 +0000  copying file ./Payload/hsimapp.app/Base.lproj/Main.storyboardc/fns-ZX-cOu-view-0te-dj-IU6.nib ... 
2018-01-22 01:10:08 +0000  4057 bytes for ./Payload/hsimapp.app/Base.lproj/Main.storyboardc/fns-ZX-cOu-view-0te-dj-IU6.nib
copying file ./Payload/hsimapp.app/Base.lproj/Main.storyboardc/UIViewController-wf6-kN-f63.nib ... 
2018-01-22 01:10:08 +0000  1175 bytes for ./Payload/hsimapp.app/Base.lproj/Main.storyboardc/UIViewController-wf6-kN-f63.nib
copying file ./Payload/hsimapp.app/Base.lproj/Main.storyboardc/8n0-YI-qna-view-22T-Fa-37Z.nib ... 
2018-01-22 01:10:08 +0000  6346 bytes for ./Payload/hsimapp.app/Base.lproj/Main.storyboardc/8n0-YI-qna-view-22T-Fa-37Z.nib
2018-01-22 01:10:08 +0000  copying file ./Payload/hsimapp.app/Base.lproj/Main.storyboardc/VN3-Pk-nth-view-18W-3z-WBU.nib ... 
2018-01-22 01:10:08 +0000  4543 bytes for ./Payload/hsimapp.app/Base.lproj/Main.storyboardc/VN3-Pk-nth-view-18W-3z-WBU.nib
copying file ./Payload/hsimapp.app/Base.lproj/Main.storyboardc/fKe-rK-s8s-view-Mbe-co-otf.nib ... 
2018-01-22 01:10:08 +0000  7953 bytes for ./Payload/hsimapp.app/Base.lproj/Main.storyboardc/fKe-rK-s8s-view-Mbe-co-otf.nib
2018-01-22 01:10:08 +0000  copying file ./Payload/hsimapp.app/Base.lproj/Main.storyboardc/EhL-ps-ZQd-view-W4v-H8-Ydn.nib ... 
2018-01-22 01:10:08 +0000  7413 bytes for ./Payload/hsimapp.app/Base.lproj/Main.storyboardc/EhL-ps-ZQd-view-W4v-H8-Ydn.nib
2018-01-22 01:10:08 +0000  copying file ./Payload/hsimapp.app/Base.lproj/Main.storyboardc/yor-ER-WUc-view-f2y-t0-qJl.nib ... 
2018-01-22 01:10:08 +0000  11121 bytes for ./Payload/hsimapp.app/Base.lproj/Main.storyboardc/yor-ER-WUc-view-f2y-t0-qJl.nib
2018-01-22 01:10:08 +0000  copying file ./Payload/hsimapp.app/Base.lproj/Main.storyboardc/UIViewController-gdZ-N3-O4n.nib ... 
1195 bytes for ./Payload/hsimapp.app/Base.lproj/Main.storyboardc/UIViewController-gdZ-N3-O4n.nib
2018-01-22 01:10:08 +0000  copying file ./Payload/hsimapp.app/Base.lproj/Main.storyboardc/ViewControllerGroupDetail.nib ... 
2018-01-22 01:10:08 +0000  1200 bytes for ./Payload/hsimapp.app/Base.lproj/Main.storyboardc/ViewControllerGroupDetail.nib
copying file ./Payload/hsimapp.app/Base.lproj/Main.storyboardc/hUw-bg-HRr-view-1If-5H-rkp.nib ... 
2018-01-22 01:10:08 +0000  9538 bytes for ./Payload/hsimapp.app/Base.lproj/Main.storyboardc/hUw-bg-HRr-view-1If-5H-rkp.nib
2018-01-22 01:10:08 +0000  copying file ./Payload/hsimapp.app/Base.lproj/Main.storyboardc/ViewControllerWeb.nib ... 
1103 bytes for ./Payload/hsimapp.app/Base.lproj/Main.storyboardc/ViewControllerWeb.nib
copying file ./Payload/hsimapp.app/Base.lproj/Main.storyboardc/tUk-YW-XvM-view-sx0-hn-LfW.nib ... 
2018-01-22 01:10:08 +0000  4588 bytes for ./Payload/hsimapp.app/Base.lproj/Main.storyboardc/tUk-YW-XvM-view-sx0-hn-LfW.nib
2018-01-22 01:10:08 +0000  copying file ./Payload/hsimapp.app/Base.lproj/Main.storyboardc/Znq-pP-YGx-view-Vna-he-YEk.nib ... 
2018-01-22 01:10:08 +0000  15356 bytes for ./Payload/hsimapp.app/Base.lproj/Main.storyboardc/Znq-pP-YGx-view-Vna-he-YEk.nib
2018-01-22 01:10:08 +0000  copying file ./Payload/hsimapp.app/Base.lproj/Main.storyboardc/UINavigationController-HCn-HP-0Nk.nib ... 
2018-01-22 01:10:08 +0000  2128 bytes for ./Payload/hsimapp.app/Base.lproj/Main.storyboardc/UINavigationController-HCn-HP-0Nk.nib
copying file ./Payload/hsimapp.app/Base.lproj/Main.storyboardc/9TQ-oI-VQS-view-nnL-Tt-VrF.nib ... 
2018-01-22 01:10:08 +0000  4552 bytes for ./Payload/hsimapp.app/Base.lproj/Main.storyboardc/9TQ-oI-VQS-view-nnL-Tt-VrF.nib
2018-01-22 01:10:08 +0000  copying file ./Payload/hsimapp.app/Base.lproj/Main.storyboardc/UIViewController-CJz-eI-doe.nib ... 
2018-01-22 01:10:08 +0000  1167 bytes for ./Payload/hsimapp.app/Base.lproj/Main.storyboardc/UIViewController-CJz-eI-doe.nib
copying file ./Payload/hsimapp.app/Base.lproj/Main.storyboardc/ViewControllerForget1.nib ... 
2018-01-22 01:10:08 +0000  1506 bytes for ./Payload/hsimapp.app/Base.lproj/Main.storyboardc/ViewControllerForget1.nib
copying file ./Payload/hsimapp.app/Base.lproj/Main.storyboardc/UIViewController-1RH-IW-QLl.nib ... 
2018-01-22 01:10:08 +0000  1483 bytes for ./Payload/hsimapp.app/Base.lproj/Main.storyboardc/UIViewController-1RH-IW-QLl.nib
copying file ./Payload/hsimapp.app/Base.lproj/Main.storyboardc/dvz-tB-TA9-view-Bdb-lF-vxJ.nib ... 
2018-01-22 01:10:08 +0000  4011 bytes for ./Payload/hsimapp.app/Base.lproj/Main.storyboardc/dvz-tB-TA9-view-Bdb-lF-vxJ.nib
2018-01-22 01:10:08 +0000  copying file ./Payload/hsimapp.app/Base.lproj/Main.storyboardc/ViewControllerIdentify.nib ... 
1527 bytes for ./Payload/hsimapp.app/Base.lproj/Main.storyboardc/ViewControllerIdentify.nib
2018-01-22 01:10:08 +0000  copying file ./Payload/hsimapp.app/Base.lproj/Main.storyboardc/ViewControllerScoreParent.nib ... 
2018-01-22 01:10:08 +0000  1229 bytes for ./Payload/hsimapp.app/Base.lproj/Main.storyboardc/ViewControllerScoreParent.nib
copying file ./Payload/hsimapp.app/Base.lproj/Main.storyboardc/Info.plist ... 
2018-01-22 01:10:08 +0000  2689 bytes for ./Payload/hsimapp.app/Base.lproj/Main.storyboardc/Info.plist
copying file ./Payload/hsimapp.app/Base.lproj/Main.storyboardc/gdZ-N3-O4n-view-6WO-oR-69i.nib ... 
2018-01-22 01:10:08 +0000  7769 bytes for ./Payload/hsimapp.app/Base.lproj/Main.storyboardc/gdZ-N3-O4n-view-6WO-oR-69i.nib
2018-01-22 01:10:08 +0000  copying file ./Payload/hsimapp.app/Base.lproj/Main.storyboardc/bxg-H6-xrb-view-5Ky-ZO-Itu.nib ... 
2018-01-22 01:10:08 +0000  7910 bytes for ./Payload/hsimapp.app/Base.lproj/Main.storyboardc/bxg-H6-xrb-view-5Ky-ZO-Itu.nib
2018-01-22 01:10:08 +0000  copying file ./Payload/hsimapp.app/Base.lproj/Main.storyboardc/Btc-Dk-iUc-view-yKY-3I-4zw.nib ... 
2018-01-22 01:10:08 +0000  2900 bytes for ./Payload/hsimapp.app/Base.lproj/Main.storyboardc/Btc-Dk-iUc-view-yKY-3I-4zw.nib
copying file ./Payload/hsimapp.app/Base.lproj/Main.storyboardc/Prh-ob-75E-view-rKB-jb-NdF.nib ... 
2018-01-22 01:10:08 +0000  13689 bytes for ./Payload/hsimapp.app/Base.lproj/Main.storyboardc/Prh-ob-75E-view-rKB-jb-NdF.nib
2018-01-22 01:10:08 +0000  copying file ./Payload/hsimapp.app/Base.lproj/LaunchScreen.storyboardc/01J-lp-oVM-view-Ze5-6b-2t3.nib ... 
2018-01-22 01:10:08 +0000  1790 bytes for ./Payload/hsimapp.app/Base.lproj/LaunchScreen.storyboardc/01J-lp-oVM-view-Ze5-6b-2t3.nib
copying file ./Payload/hsimapp.app/Base.lproj/LaunchScreen.storyboardc/UIViewController-01J-lp-oVM.nib ... 
2018-01-22 01:10:08 +0000  832 bytes for ./Payload/hsimapp.app/Base.lproj/LaunchScreen.storyboardc/UIViewController-01J-lp-oVM.nib
copying file ./Payload/hsimapp.app/Base.lproj/LaunchScreen.storyboardc/Info.plist ... 
2018-01-22 01:10:08 +0000  258 bytes for ./Payload/hsimapp.app/Base.lproj/LaunchScreen.storyboardc/Info.plist
copying file ./Payload/hsimapp.app/hsimapp ... 
2018-01-22 01:10:08 +0000  7015936 bytes for ./Payload/hsimapp.app/hsimapp
2018-01-22 01:10:08 +0000  copying file ./Payload/hsimapp.app/intro_2.png ... 
2018-01-22 01:10:08 +0000  51564 bytes for ./Payload/hsimapp.app/intro_2.png
2018-01-22 01:10:08 +0000  copying file ./Payload/hsimapp.app/archived-expanded-entitlements.xcent ... 
246 bytes for ./Payload/hsimapp.app/archived-expanded-entitlements.xcent
copying file ./Payload/hsimapp.app/pw_see.png ... 
2018-01-22 01:10:08 +0000  3685 bytes for ./Payload/hsimapp.app/pw_see.png
2018-01-22 01:10:08 +0000  copying file ./Payload/hsimapp.app/PullTableViewLan.strings ... 
635 bytes for ./Payload/hsimapp.app/PullTableViewLan.strings
2018-01-22 01:10:08 +0000  copying file ./Payload/hsimapp.app/whiteArrow.png ... 
4011 bytes for ./Payload/hsimapp.app/whiteArrow.png
2018-01-22 01:10:08 +0000  copying file ./Payload/hsimapp.app/LeftReturnNavi@2x.png ... 
312 bytes for ./Payload/hsimapp.app/LeftReturnNavi@2x.png
2018-01-22 01:10:08 +0000  copying file ./Payload/hsimapp.app/Assets.car ... 
2018-01-22 01:10:08 +0000  230264 bytes for ./Payload/hsimapp.app/Assets.car
2018-01-22 01:10:08 +0000  copying file ./Payload/hsimapp.app/AlbumOperateMore@3x.png ... 
505 bytes for ./Payload/hsimapp.app/AlbumOperateMore@3x.png
copying file ./Payload/hsimapp.app/AppIcon40x40@2x~ipad.png ... 
2018-01-22 01:10:08 +0000  7046 bytes for ./Payload/hsimapp.app/AppIcon40x40@2x~ipad.png
2018-01-22 01:10:08 +0000  copying file ./Payload/hsimapp.app/AppIcon76x76@2x~ipad.png ... 
2018-01-22 01:10:08 +0000  10540 bytes for ./Payload/hsimapp.app/AppIcon76x76@2x~ipad.png
2018-01-22 01:10:08 +0000  copying file ./Payload/hsimapp.app/LaunchImage-800-Portrait-736h@3x.png ... 
2018-01-22 01:10:08 +0000  402861 bytes for ./Payload/hsimapp.app/LaunchImage-800-Portrait-736h@3x.png
copying file ./Payload/hsimapp.app/blackArrow@2x.png ... 
593 bytes for ./Payload/hsimapp.app/blackArrow@2x.png
copying file ./Payload/hsimapp.app/AlbumOperateMore@2x.png ... 
303 bytes for ./Payload/hsimapp.app/AlbumOperateMore@2x.png
copying file ./Payload/hsimapp.app/LaunchImage-700@2x.png ... 
2018-01-22 01:10:08 +0000  147677 bytes for ./Payload/hsimapp.app/LaunchImage-700@2x.png
copying file ./Payload/hsimapp.app/AppIcon83.5x83.5@2x~ipad.png ... 
2018-01-22 01:10:08 +0000  9331 bytes for ./Payload/hsimapp.app/AppIcon83.5x83.5@2x~ipad.png
copying file ./Payload/hsimapp.app/LaunchImage-700-568h@2x.png ... 
2018-01-22 01:10:08 +0000  149457 bytes for ./Payload/hsimapp.app/LaunchImage-700-568h@2x.png
2018-01-22 01:10:08 +0000  copying file ./Payload/hsimapp.app/README.txt ... 
2001 bytes for ./Payload/hsimapp.app/README.txt
2018-01-22 01:10:08 +0000  copying file ./Payload/hsimapp.app/ViewControllerChat.nib ... 
2018-01-22 01:10:08 +0000  6035 bytes for ./Payload/hsimapp.app/ViewControllerChat.nib
2018-01-22 01:10:08 +0000  copying file ./Payload/hsimapp.app/AppIcon29x29@2x~ipad.png ... 
2018-01-22 01:10:08 +0000  5604 bytes for ./Payload/hsimapp.app/AppIcon29x29@2x~ipad.png
copying file ./Payload/hsimapp.app/blueArrow.png ... 
2018-01-22 01:10:08 +0000  4175 bytes for ./Payload/hsimapp.app/blueArrow.png
2018-01-22 01:10:08 +0000  copying file ./Payload/hsimapp.app/AddentTableViewCell~ipad.nib/runtime.nib ... 
2018-01-22 01:10:08 +0000  3758 bytes for ./Payload/hsimapp.app/AddentTableViewCell~ipad.nib/runtime.nib
2018-01-22 01:10:08 +0000  copying file ./Payload/hsimapp.app/AddentTableViewCell~ipad.nib/objects-8.0+.nib ... 
2018-01-22 01:10:08 +0000  3761 bytes for ./Payload/hsimapp.app/AddentTableViewCell~ipad.nib/objects-8.0+.nib
copying file ./Payload/hsimapp.app/AppIcon40x40~ipad.png ... 
2018-01-22 01:10:08 +0000  4734 bytes for ./Payload/hsimapp.app/AppIcon40x40~ipad.png
copying file ./Payload/hsimapp.app/icon-success@2x.png ... 
2018-01-22 01:10:08 +0000  1881 bytes for ./Payload/hsimapp.app/icon-success@2x.png
2018-01-22 01:10:08 +0000  copying file ./Payload/hsimapp.app/MBProgressHUD.bundle/error@2x.png ... 
2018-01-22 01:10:08 +0000  739 bytes for ./Payload/hsimapp.app/MBProgressHUD.bundle/error@2x.png
copying file ./Payload/hsimapp.app/MBProgressHUD.bundle/success@2x.png ... 
2018-01-22 01:10:08 +0000  872 bytes for ./Payload/hsimapp.app/MBProgressHUD.bundle/success@2x.png
copying file ./Payload/hsimapp.app/MBProgressHUD.bundle/error.png ... 
2018-01-22 01:10:08 +0000  371 bytes for ./Payload/hsimapp.app/MBProgressHUD.bundle/error.png
copying file ./Payload/hsimapp.app/MBProgressHUD.bundle/success.png ... 
2018-01-22 01:10:08 +0000  508 bytes for ./Payload/hsimapp.app/MBProgressHUD.bundle/success.png
copying file ./Payload/hsimapp.app/embedded.mobileprovision ... 
2018-01-22 01:10:08 +0000  7692 bytes for ./Payload/hsimapp.app/embedded.mobileprovision
2018-01-22 01:10:08 +0000  copying file ./Payload/hsimapp.app/icon-error@2x.png ... 
2018-01-22 01:10:08 +0000  1963 bytes for ./Payload/hsimapp.app/icon-error@2x.png
copying file ./Payload/hsimapp.app/icon-success.png ... 
2018-01-22 01:10:08 +0000  952 bytes for ./Payload/hsimapp.app/icon-success.png
copying file ./Payload/hsimapp.app/pw_unsee.png ... 
2018-01-22 01:10:08 +0000  3801 bytes for ./Payload/hsimapp.app/pw_unsee.png
2018-01-22 01:10:08 +0000  copying file ./Payload/hsimapp.app/Info.plist ... 
2018-01-22 01:10:08 +0000  2550 bytes for ./Payload/hsimapp.app/Info.plist
copying file ./Payload/hsimapp.app/grayArrow@2x.png ... 
2018-01-22 01:10:08 +0000  1737 bytes for ./Payload/hsimapp.app/grayArrow@2x.png
copying file ./Payload/hsimapp.app/PkgInfo ... 
2018-01-22 01:10:08 +0000  8 bytes for ./Payload/hsimapp.app/PkgInfo
copying file ./Payload/hsimapp.app/AppIcon76x76~ipad.png ... 
2018-01-22 01:10:08 +0000  6819 bytes for ./Payload/hsimapp.app/AppIcon76x76~ipad.png
2018-01-22 01:10:08 +0000  copying file ./Payload/hsimapp.app/sendmsg.caf ... 
2018-01-22 01:10:08 +0000  40578 bytes for ./Payload/hsimapp.app/sendmsg.caf
2018-01-22 01:10:08 +0000  copying file ./Symbols/6C36ECB9-6ACF-31ED-9D7E-3DAB22E21ECA.symbols ... 
2018-01-22 01:10:09 +0000  3670712 bytes for ./Symbols/6C36ECB9-6ACF-31ED-9D7E-3DAB22E21ECA.symbols
copying file ./Symbols/8E47F39A-3BB2-3545-870C-4016102F3768.symbols ... 
2018-01-22 01:10:09 +0000  4675512 bytes for ./Symbols/8E47F39A-3BB2-3545-870C-4016102F3768.symbols
2018-01-22 01:10:09 +0000  2018-01-22 01:10:09 +0000  /usr/bin/ditto exited with 02018-01-22 01:10:09 +0000  


2018-01-22 01:10:09 +0000  Processing step: IDEDistributionCreateManifestStep
2018-01-22 01:10:09 +0000  Skipping step: IDEDistributionCreateManifestStep because it said so
